2025-10-10 10:39:27,246 - INFO - ================================================================================
2025-10-10 10:39:27,247 - INFO -  WIKIPEDIA DATA AUGMENTATION PIPELINE
2025-10-10 10:39:27,247 - INFO - ================================================================================
2025-10-10 10:39:27,247 - INFO - 
 Loading data...
2025-10-10 10:39:27,340 - INFO -  Loaded train: 6251 rows
2025-10-10 10:39:27,340 - INFO -  Loaded test: 300 rows
2025-10-10 10:39:27,341 - INFO - Initializing Wikipedia Augmenter...
2025-10-10 10:39:27,341 - INFO - Wikipedia: language=en, user_agent: CulturalClassifier/1.0 (educational project) (Wikipedia-API/0.6.0; https://github.com/martin-majlis/Wikipedia-API/), extract_format=1
2025-10-10 10:39:27,341 - INFO -  Loaded 0 cached entries
2025-10-10 10:39:27,342 - INFO - 
================================================================================
2025-10-10 10:39:27,342 - INFO -  AUGMENTING TRAINING DATA
2025-10-10 10:39:27,342 - INFO - ================================================================================
2025-10-10 10:39:27,342 - INFO -  Starting augmentation of 6251 rows...
2025-10-10 10:39:27,356 - INFO - Request URL: https://en.wikipedia.org/w/api.php?action=query&prop=info&titles=916&inprop=protection|talkid|watched|watchers|visitingwatchers|notificationtimestamp|subjectid|url|readable|preload|displaytitle
2025-10-10 10:39:27,724 - INFO - Request URL: https://en.wikipedia.org/w/api.php?action=query&prop=extracts&titles=916&explaintext=1&exsectionformat=wiki
2025-10-10 10:39:27,907 - INFO - Request URL: https://en.wikipedia.org/w/api.php?action=query&prop=categories&titles=916&cllimit=500
2025-10-10 10:39:28,063 - INFO - Request URL: https://en.wikipedia.org/w/api.php?action=query&prop=langlinks&titles=916&lllimit=500&llprop=url
2025-10-10 10:39:28,242 - INFO -  Found Wikipedia data for: 916
2025-10-10 10:39:28,356 - INFO - Request URL: https://en.wikipedia.org/w/api.php?action=query&prop=info&titles=!!!&inprop=protection|talkid|watched|watchers|visitingwatchers|notificationtimestamp|subjectid|url|readable|preload|displaytitle
2025-10-10 10:39:28,561 - INFO - Request URL: https://en.wikipedia.org/w/api.php?action=query&prop=extracts&titles=!!!&explaintext=1&exsectionformat=wiki
2025-10-10 10:39:28,750 - INFO - Request URL: https://en.wikipedia.org/w/api.php?action=query&prop=categories&titles=!!!&cllimit=500
2025-10-10 10:39:28,903 - INFO - Request URL: https://en.wikipedia.org/w/api.php?action=query&prop=langlinks&titles=!!!&lllimit=500&llprop=url
2025-10-10 10:39:29,056 - INFO -  Found Wikipedia data for: !!!
2025-10-10 10:39:29,164 - INFO - Request URL: https://en.wikipedia.org/w/api.php?action=query&prop=info&titles=¡Soborno!&inprop=protection|talkid|watched|watchers|visitingwatchers|notificationtimestamp|subjectid|url|readable|preload|displaytitle
2025-10-10 10:39:29,348 - INFO - Request URL: https://en.wikipedia.org/w/api.php?action=query&prop=extracts&titles=¡Soborno!&explaintext=1&exsectionformat=wiki
2025-10-10 10:39:29,984 - INFO - Request URL: https://en.wikipedia.org/w/api.php?action=query&prop=categories&titles=¡Soborno!&cllimit=500
2025-10-10 10:39:30,159 - INFO - Request URL: https://en.wikipedia.org/w/api.php?action=query&prop=langlinks&titles=¡Soborno!&lllimit=500&llprop=url
2025-10-10 10:39:30,316 - INFO -  Found Wikipedia data for: ¡Soborno!
2025-10-10 10:39:30,423 - INFO - Request URL: https://en.wikipedia.org/w/api.php?action=query&prop=info&titles=+44&inprop=protection|talkid|watched|watchers|visitingwatchers|notificationtimestamp|subjectid|url|readable|preload|displaytitle
2025-10-10 10:39:30,892 - INFO - Request URL: https://en.wikipedia.org/w/api.php?action=query&prop=extracts&titles=Telephone numbers in the United Kingdom&explaintext=1&exsectionformat=wiki
2025-10-10 10:39:31,134 - INFO - Request URL: https://en.wikipedia.org/w/api.php?action=query&prop=categories&titles=Telephone numbers in the United Kingdom&cllimit=500
2025-10-10 10:39:31,284 - INFO - Request URL: https://en.wikipedia.org/w/api.php?action=query&prop=langlinks&titles=Telephone numbers in the United Kingdom&lllimit=500&llprop=url
2025-10-10 10:39:31,437 - INFO -  Found Wikipedia data for: +44
2025-10-10 10:39:31,543 - INFO - Request URL: https://en.wikipedia.org/w/api.php?action=query&prop=info&titles=1 Monk Street&inprop=protection|talkid|watched|watchers|visitingwatchers|notificationtimestamp|subjectid|url|readable|preload|displaytitle
2025-10-10 10:39:31,721 - WARNING -   No Wikipedia page for: 1 Monk Street
2025-10-10 10:39:31,827 - INFO - Request URL: https://en.wikipedia.org/w/api.php?action=query&prop=info&titles=100 percent corner&inprop=protection|talkid|watched|watchers|visitingwatchers|notificationtimestamp|subjectid|url|readable|preload|displaytitle
2025-10-10 10:39:32,025 - INFO - Request URL: https://en.wikipedia.org/w/api.php?action=query&prop=extracts&titles=100 percent corner&explaintext=1&exsectionformat=wiki
2025-10-10 10:39:32,208 - INFO - Request URL: https://en.wikipedia.org/w/api.php?action=query&prop=categories&titles=100 percent corner&cllimit=500
2025-10-10 10:39:32,367 - INFO - Request URL: https://en.wikipedia.org/w/api.php?action=query&prop=langlinks&titles=100 percent corner&lllimit=500&llprop=url
2025-10-10 10:39:32,523 - INFO -  Found Wikipedia data for: 100 percent corner
2025-10-10 10:39:32,629 - INFO - Request URL: https://en.wikipedia.org/w/api.php?action=query&prop=info&titles=1889 Apia cyclone&inprop=protection|talkid|watched|watchers|visitingwatchers|notificationtimestamp|subjectid|url|readable|preload|displaytitle
2025-10-10 10:39:32,827 - INFO - Request URL: https://en.wikipedia.org/w/api.php?action=query&prop=extracts&titles=1889 Apia cyclone&explaintext=1&exsectionformat=wiki
2025-10-10 10:39:33,004 - INFO - Request URL: https://en.wikipedia.org/w/api.php?action=query&prop=categories&titles=1889 Apia cyclone&cllimit=500
2025-10-10 10:39:33,167 - INFO - Request URL: https://en.wikipedia.org/w/api.php?action=query&prop=langlinks&titles=1889 Apia cyclone&lllimit=500&llprop=url
2025-10-10 10:39:33,325 - INFO -  Found Wikipedia data for: 1889 Apia cyclone
2025-10-10 10:39:33,431 - INFO - Request URL: https://en.wikipedia.org/w/api.php?action=query&prop=info&titles=18th Abduction&inprop=protection|talkid|watched|watchers|visitingwatchers|notificationtimestamp|subjectid|url|readable|preload|displaytitle
2025-10-10 10:39:33,615 - INFO - Request URL: https://en.wikipedia.org/w/api.php?action=query&prop=extracts&titles=18th Abduction&explaintext=1&exsectionformat=wiki
2025-10-10 10:39:34,366 - INFO - Request URL: https://en.wikipedia.org/w/api.php?action=query&prop=categories&titles=18th Abduction&cllimit=500
2025-10-10 10:39:34,517 - INFO - Request URL: https://en.wikipedia.org/w/api.php?action=query&prop=langlinks&titles=18th Abduction&lllimit=500&llprop=url
2025-10-10 10:39:34,668 - INFO -  Found Wikipedia data for: 18th Abduction
2025-10-10 10:39:34,774 - INFO - Request URL: https://en.wikipedia.org/w/api.php?action=query&prop=info&titles=20 July plot&inprop=protection|talkid|watched|watchers|visitingwatchers|notificationtimestamp|subjectid|url|readable|preload|displaytitle
2025-10-10 10:39:35,044 - INFO - Request URL: https://en.wikipedia.org/w/api.php?action=query&prop=extracts&titles=20 July plot&explaintext=1&exsectionformat=wiki
2025-10-10 10:39:35,580 - INFO - Request URL: https://en.wikipedia.org/w/api.php?action=query&prop=categories&titles=20 July plot&cllimit=500
2025-10-10 10:39:35,741 - INFO - Request URL: https://en.wikipedia.org/w/api.php?action=query&prop=langlinks&titles=20 July plot&lllimit=500&llprop=url
2025-10-10 10:39:35,907 - INFO -  Found Wikipedia data for: 20 July plot
2025-10-10 10:39:36,013 - INFO - Request URL: https://en.wikipedia.org/w/api.php?action=query&prop=info&titles=20th Century Studios&inprop=protection|talkid|watched|watchers|visitingwatchers|notificationtimestamp|subjectid|url|readable|preload|displaytitle
2025-10-10 10:39:36,245 - INFO - Request URL: https://en.wikipedia.org/w/api.php?action=query&prop=extracts&titles=20th Century Studios&explaintext=1&exsectionformat=wiki
2025-10-10 10:39:36,578 - INFO - Request URL: https://en.wikipedia.org/w/api.php?action=query&prop=categories&titles=20th Century Studios&cllimit=500
2025-10-10 10:39:36,733 - INFO - Request URL: https://en.wikipedia.org/w/api.php?action=query&prop=langlinks&titles=20th Century Studios&lllimit=500&llprop=url
2025-10-10 10:39:36,889 - INFO -  Found Wikipedia data for: 20th Century Studios
2025-10-10 10:39:36,995 - INFO - Request URL: https://en.wikipedia.org/w/api.php?action=query&prop=info&titles=20th-century French philosophy&inprop=protection|talkid|watched|watchers|visitingwatchers|notificationtimestamp|subjectid|url|readable|preload|displaytitle
2025-10-10 10:39:37,197 - INFO - Request URL: https://en.wikipedia.org/w/api.php?action=query&prop=extracts&titles=20th-century French philosophy&explaintext=1&exsectionformat=wiki
2025-10-10 10:39:37,441 - INFO - Request URL: https://en.wikipedia.org/w/api.php?action=query&prop=categories&titles=20th-century French philosophy&cllimit=500
2025-10-10 10:39:37,601 - INFO - Request URL: https://en.wikipedia.org/w/api.php?action=query&prop=langlinks&titles=20th-century French philosophy&lllimit=500&llprop=url
2025-10-10 10:39:37,763 - INFO -  Found Wikipedia data for: 20th-century French philosophy
2025-10-10 10:39:37,869 - INFO - Request URL: https://en.wikipedia.org/w/api.php?action=query&prop=info&titles=21st Century Fox&inprop=protection|talkid|watched|watchers|visitingwatchers|notificationtimestamp|subjectid|url|readable|preload|displaytitle
2025-10-10 10:39:38,116 - INFO - Request URL: https://en.wikipedia.org/w/api.php?action=query&prop=extracts&titles=21st Century Fox&explaintext=1&exsectionformat=wiki
2025-10-10 10:39:38,493 - INFO - Request URL: https://en.wikipedia.org/w/api.php?action=query&prop=categories&titles=21st Century Fox&cllimit=500
2025-10-10 10:39:38,661 - INFO - Request URL: https://en.wikipedia.org/w/api.php?action=query&prop=langlinks&titles=21st Century Fox&lllimit=500&llprop=url
2025-10-10 10:39:38,827 - INFO -  Found Wikipedia data for: 21st Century Fox
2025-10-10 10:39:38,933 - INFO - Request URL: https://en.wikipedia.org/w/api.php?action=query&prop=info&titles=2600: The Hacker Quarterly&inprop=protection|talkid|watched|watchers|visitingwatchers|notificationtimestamp|subjectid|url|readable|preload|displaytitle
2025-10-10 10:39:39,170 - INFO - Request URL: https://en.wikipedia.org/w/api.php?action=query&prop=extracts&titles=2600: The Hacker Quarterly&explaintext=1&exsectionformat=wiki
2025-10-10 10:39:39,331 - INFO - Request URL: https://en.wikipedia.org/w/api.php?action=query&prop=categories&titles=2600: The Hacker Quarterly&cllimit=500
2025-10-10 10:39:39,485 - INFO - Request URL: https://en.wikipedia.org/w/api.php?action=query&prop=langlinks&titles=2600: The Hacker Quarterly&lllimit=500&llprop=url
2025-10-10 10:39:39,653 - INFO -  Found Wikipedia data for: 2600: The Hacker Quarterly
2025-10-10 10:39:39,759 - INFO - Request URL: https://en.wikipedia.org/w/api.php?action=query&prop=info&titles=30th Critics' Choice Awards&inprop=protection|talkid|watched|watchers|visitingwatchers|notificationtimestamp|subjectid|url|readable|preload|displaytitle
2025-10-10 10:39:39,949 - INFO - Request URL: https://en.wikipedia.org/w/api.php?action=query&prop=extracts&titles=30th Critics' Choice Awards&explaintext=1&exsectionformat=wiki
2025-10-10 10:39:40,350 - INFO - Request URL: https://en.wikipedia.org/w/api.php?action=query&prop=categories&titles=30th Critics' Choice Awards&cllimit=500
2025-10-10 10:39:40,508 - INFO - Request URL: https://en.wikipedia.org/w/api.php?action=query&prop=langlinks&titles=30th Critics' Choice Awards&lllimit=500&llprop=url
2025-10-10 10:39:40,668 - INFO -  Found Wikipedia data for: 30th Critics' Choice Awards
2025-10-10 10:39:40,778 - INFO - Request URL: https://en.wikipedia.org/w/api.php?action=query&prop=info&titles=33 Whitecross Street&inprop=protection|talkid|watched|watchers|visitingwatchers|notificationtimestamp|subjectid|url|readable|preload|displaytitle
2025-10-10 10:39:40,958 - WARNING -   No Wikipedia page for: 33 Whitecross Street
2025-10-10 10:39:41,066 - INFO - Request URL: https://en.wikipedia.org/w/api.php?action=query&prop=info&titles=365 Media Group&inprop=protection|talkid|watched|watchers|visitingwatchers|notificationtimestamp|subjectid|url|readable|preload|displaytitle
2025-10-10 10:39:41,257 - INFO - Request URL: https://en.wikipedia.org/w/api.php?action=query&prop=extracts&titles=365 Media Group&explaintext=1&exsectionformat=wiki
2025-10-10 10:39:41,671 - INFO - Request URL: https://en.wikipedia.org/w/api.php?action=query&prop=categories&titles=365 Media Group&cllimit=500
2025-10-10 10:39:41,927 - INFO - Request URL: https://en.wikipedia.org/w/api.php?action=query&prop=langlinks&titles=365 Media Group&lllimit=500&llprop=url
2025-10-10 10:39:42,080 - INFO -  Found Wikipedia data for: 365 Media Group
2025-10-10 10:39:42,187 - INFO - Request URL: https://en.wikipedia.org/w/api.php?action=query&prop=info&titles=3D animation&inprop=protection|talkid|watched|watchers|visitingwatchers|notificationtimestamp|subjectid|url|readable|preload|displaytitle
2025-10-10 10:39:42,443 - INFO - Request URL: https://en.wikipedia.org/w/api.php?action=query&prop=extracts&titles=Computer animation&explaintext=1&exsectionformat=wiki
2025-10-10 10:39:42,684 - INFO - Request URL: https://en.wikipedia.org/w/api.php?action=query&prop=categories&titles=Computer animation&cllimit=500
2025-10-10 10:39:42,845 - INFO - Request URL: https://en.wikipedia.org/w/api.php?action=query&prop=langlinks&titles=Computer animation&lllimit=500&llprop=url
2025-10-10 10:39:43,002 - INFO -  Found Wikipedia data for: 3D animation
2025-10-10 10:39:43,108 - INFO - Request URL: https://en.wikipedia.org/w/api.php?action=query&prop=info&titles=3D film&inprop=protection|talkid|watched|watchers|visitingwatchers|notificationtimestamp|subjectid|url|readable|preload|displaytitle
2025-10-10 10:39:43,364 - INFO - Request URL: https://en.wikipedia.org/w/api.php?action=query&prop=extracts&titles=3D film&explaintext=1&exsectionformat=wiki
2025-10-10 10:39:43,727 - INFO - Request URL: https://en.wikipedia.org/w/api.php?action=query&prop=categories&titles=3D film&cllimit=500
2025-10-10 10:39:43,928 - INFO - Request URL: https://en.wikipedia.org/w/api.php?action=query&prop=langlinks&titles=3D film&lllimit=500&llprop=url
2025-10-10 10:39:44,083 - INFO -  Found Wikipedia data for: 3D film
2025-10-10 10:39:44,189 - INFO - Request URL: https://en.wikipedia.org/w/api.php?action=query&prop=info&titles=48 Hour Film Project&inprop=protection|talkid|watched|watchers|visitingwatchers|notificationtimestamp|subjectid|url|readable|preload|displaytitle
2025-10-10 10:39:44,375 - INFO - Request URL: https://en.wikipedia.org/w/api.php?action=query&prop=extracts&titles=48 Hour Film Project&explaintext=1&exsectionformat=wiki
2025-10-10 10:39:44,578 - INFO - Request URL: https://en.wikipedia.org/w/api.php?action=query&prop=categories&titles=48 Hour Film Project&cllimit=500
2025-10-10 10:39:44,737 - INFO - Request URL: https://en.wikipedia.org/w/api.php?action=query&prop=langlinks&titles=48 Hour Film Project&lllimit=500&llprop=url
2025-10-10 10:39:44,892 - INFO -  Found Wikipedia data for: 48 Hour Film Project
2025-10-10 10:39:44,999 - INFO - Request URL: https://en.wikipedia.org/w/api.php?action=query&prop=info&titles=4D film&inprop=protection|talkid|watched|watchers|visitingwatchers|notificationtimestamp|subjectid|url|readable|preload|displaytitle
2025-10-10 10:39:45,211 - INFO - Request URL: https://en.wikipedia.org/w/api.php?action=query&prop=extracts&titles=4D film&explaintext=1&exsectionformat=wiki
2025-10-10 10:39:45,365 - INFO - Request URL: https://en.wikipedia.org/w/api.php?action=query&prop=categories&titles=4D film&cllimit=500
2025-10-10 10:39:45,527 - INFO - Request URL: https://en.wikipedia.org/w/api.php?action=query&prop=langlinks&titles=4D film&lllimit=500&llprop=url
2025-10-10 10:39:45,686 - INFO -  Found Wikipedia data for: 4D film
2025-10-10 10:39:45,792 - INFO - Request URL: https://en.wikipedia.org/w/api.php?action=query&prop=info&titles=5-hour Energy&inprop=protection|talkid|watched|watchers|visitingwatchers|notificationtimestamp|subjectid|url|readable|preload|displaytitle
2025-10-10 10:39:45,997 - INFO - Request URL: https://en.wikipedia.org/w/api.php?action=query&prop=extracts&titles=5-hour Energy&explaintext=1&exsectionformat=wiki
2025-10-10 10:39:46,191 - INFO - Request URL: https://en.wikipedia.org/w/api.php?action=query&prop=categories&titles=5-hour Energy&cllimit=500
2025-10-10 10:39:46,346 - INFO - Request URL: https://en.wikipedia.org/w/api.php?action=query&prop=langlinks&titles=5-hour Energy&lllimit=500&llprop=url
2025-10-10 10:39:46,511 - INFO -  Found Wikipedia data for: 5-hour Energy
2025-10-10 10:39:46,617 - INFO - Request URL: https://en.wikipedia.org/w/api.php?action=query&prop=info&titles=900 North Michigan&inprop=protection|talkid|watched|watchers|visitingwatchers|notificationtimestamp|subjectid|url|readable|preload|displaytitle
2025-10-10 10:39:46,798 - INFO - Request URL: https://en.wikipedia.org/w/api.php?action=query&prop=extracts&titles=900 North Michigan&explaintext=1&exsectionformat=wiki
2025-10-10 10:39:47,001 - INFO - Request URL: https://en.wikipedia.org/w/api.php?action=query&prop=categories&titles=900 North Michigan&cllimit=500
2025-10-10 10:39:47,156 - INFO - Request URL: https://en.wikipedia.org/w/api.php?action=query&prop=langlinks&titles=900 North Michigan&lllimit=500&llprop=url
2025-10-10 10:39:47,311 - INFO -  Found Wikipedia data for: 900 North Michigan
2025-10-10 10:39:47,417 - INFO - Request URL: https://en.wikipedia.org/w/api.php?action=query&prop=info&titles=A Campingflight to Lowlands Paradise&inprop=protection|talkid|watched|watchers|visitingwatchers|notificationtimestamp|subjectid|url|readable|preload|displaytitle
2025-10-10 10:39:47,613 - INFO - Request URL: https://en.wikipedia.org/w/api.php?action=query&prop=extracts&titles=Lowlands (festival)&explaintext=1&exsectionformat=wiki
2025-10-10 10:39:47,876 - INFO - Request URL: https://en.wikipedia.org/w/api.php?action=query&prop=categories&titles=Lowlands (festival)&cllimit=500
2025-10-10 10:39:48,044 - INFO - Request URL: https://en.wikipedia.org/w/api.php?action=query&prop=langlinks&titles=Lowlands (festival)&lllimit=500&llprop=url
2025-10-10 10:39:48,201 - INFO -  Found Wikipedia data for: A Campingflight to Lowlands Paradise
2025-10-10 10:39:48,308 - INFO - Request URL: https://en.wikipedia.org/w/api.php?action=query&prop=info&titles=A La Vieille Russie&inprop=protection|talkid|watched|watchers|visitingwatchers|notificationtimestamp|subjectid|url|readable|preload|displaytitle
2025-10-10 10:39:48,489 - INFO - Request URL: https://en.wikipedia.org/w/api.php?action=query&prop=extracts&titles=A La Vieille Russie&explaintext=1&exsectionformat=wiki
2025-10-10 10:39:49,497 - INFO - Request URL: https://en.wikipedia.org/w/api.php?action=query&prop=categories&titles=A La Vieille Russie&cllimit=500
2025-10-10 10:39:49,650 - INFO - Request URL: https://en.wikipedia.org/w/api.php?action=query&prop=langlinks&titles=A La Vieille Russie&lllimit=500&llprop=url
2025-10-10 10:39:49,805 - INFO -  Found Wikipedia data for: A La Vieille Russie
2025-10-10 10:39:49,912 - INFO - Request URL: https://en.wikipedia.org/w/api.php?action=query&prop=info&titles=A las armas&inprop=protection|talkid|watched|watchers|visitingwatchers|notificationtimestamp|subjectid|url|readable|preload|displaytitle
2025-10-10 10:39:50,093 - WARNING -   No Wikipedia page for: A las armas
2025-10-10 10:39:50,199 - INFO - Request URL: https://en.wikipedia.org/w/api.php?action=query&prop=info&titles=A Lotus for Miss Quon&inprop=protection|talkid|watched|watchers|visitingwatchers|notificationtimestamp|subjectid|url|readable|preload|displaytitle
2025-10-10 10:39:50,394 - INFO - Request URL: https://en.wikipedia.org/w/api.php?action=query&prop=extracts&titles=A Lotus for Miss Quon&explaintext=1&exsectionformat=wiki
2025-10-10 10:39:50,932 - INFO - Request URL: https://en.wikipedia.org/w/api.php?action=query&prop=categories&titles=A Lotus for Miss Quon&cllimit=500
2025-10-10 10:39:51,092 - INFO - Request URL: https://en.wikipedia.org/w/api.php?action=query&prop=langlinks&titles=A Lotus for Miss Quon&lllimit=500&llprop=url
2025-10-10 10:39:51,248 - INFO -  Found Wikipedia data for: A Lotus for Miss Quon
2025-10-10 10:39:51,354 - INFO - Request URL: https://en.wikipedia.org/w/api.php?action=query&prop=info&titles=A Modern Olympia&inprop=protection|talkid|watched|watchers|visitingwatchers|notificationtimestamp|subjectid|url|readable|preload|displaytitle
2025-10-10 10:39:51,527 - INFO - Request URL: https://en.wikipedia.org/w/api.php?action=query&prop=extracts&titles=A Modern Olympia&explaintext=1&exsectionformat=wiki
2025-10-10 10:39:51,749 - INFO - Request URL: https://en.wikipedia.org/w/api.php?action=query&prop=categories&titles=A Modern Olympia&cllimit=500
2025-10-10 10:39:51,916 - INFO - Request URL: https://en.wikipedia.org/w/api.php?action=query&prop=langlinks&titles=A Modern Olympia&lllimit=500&llprop=url
2025-10-10 10:39:52,067 - INFO -  Found Wikipedia data for: A Modern Olympia
2025-10-10 10:39:52,173 - INFO - Request URL: https://en.wikipedia.org/w/api.php?action=query&prop=info&titles=A Young Tiger Playing with its Mother&inprop=protection|talkid|watched|watchers|visitingwatchers|notificationtimestamp|subjectid|url|readable|preload|displaytitle
2025-10-10 10:39:52,380 - INFO - Request URL: https://en.wikipedia.org/w/api.php?action=query&prop=extracts&titles=A Young Tiger Playing with Its Mother&explaintext=1&exsectionformat=wiki
2025-10-10 10:39:53,274 - INFO - Request URL: https://en.wikipedia.org/w/api.php?action=query&prop=categories&titles=A Young Tiger Playing with Its Mother&cllimit=500
2025-10-10 10:39:53,433 - INFO - Request URL: https://en.wikipedia.org/w/api.php?action=query&prop=langlinks&titles=A Young Tiger Playing with Its Mother&lllimit=500&llprop=url
2025-10-10 10:39:53,588 - INFO -  Found Wikipedia data for: A Young Tiger Playing with its Mother
2025-10-10 10:39:53,705 - INFO - Request URL: https://en.wikipedia.org/w/api.php?action=query&prop=info&titles=A-1 Pictures&inprop=protection|talkid|watched|watchers|visitingwatchers|notificationtimestamp|subjectid|url|readable|preload|displaytitle
2025-10-10 10:39:53,906 - INFO - Request URL: https://en.wikipedia.org/w/api.php?action=query&prop=extracts&titles=A-1 Pictures&explaintext=1&exsectionformat=wiki
2025-10-10 10:39:54,215 - INFO - Request URL: https://en.wikipedia.org/w/api.php?action=query&prop=categories&titles=A-1 Pictures&cllimit=500
2025-10-10 10:39:54,379 - INFO - Request URL: https://en.wikipedia.org/w/api.php?action=query&prop=langlinks&titles=A-1 Pictures&lllimit=500&llprop=url
2025-10-10 10:39:54,532 - INFO -  Found Wikipedia data for: A-1 Pictures
2025-10-10 10:39:54,645 - INFO - Request URL: https://en.wikipedia.org/w/api.php?action=query&prop=info&titles=A. P. J. Abdul Kalam&inprop=protection|talkid|watched|watchers|visitingwatchers|notificationtimestamp|subjectid|url|readable|preload|displaytitle
2025-10-10 10:39:54,967 - INFO - Request URL: https://en.wikipedia.org/w/api.php?action=query&prop=extracts&titles=A. P. J. Abdul Kalam&explaintext=1&exsectionformat=wiki
2025-10-10 10:39:55,429 - INFO - Request URL: https://en.wikipedia.org/w/api.php?action=query&prop=categories&titles=A. P. J. Abdul Kalam&cllimit=500
2025-10-10 10:39:55,590 - INFO - Request URL: https://en.wikipedia.org/w/api.php?action=query&prop=langlinks&titles=A. P. J. Abdul Kalam&lllimit=500&llprop=url
2025-10-10 10:39:55,840 - INFO -  Found Wikipedia data for: A. P. J. Abdul Kalam
2025-10-10 10:39:55,950 - INFO - Request URL: https://en.wikipedia.org/w/api.php?action=query&prop=info&titles=A.S. Roma&inprop=protection|talkid|watched|watchers|visitingwatchers|notificationtimestamp|subjectid|url|readable|preload|displaytitle
2025-10-10 10:39:56,160 - INFO - Request URL: https://en.wikipedia.org/w/api.php?action=query&prop=extracts&titles=AS Roma&explaintext=1&exsectionformat=wiki
2025-10-10 10:39:56,945 - INFO - Request URL: https://en.wikipedia.org/w/api.php?action=query&prop=categories&titles=AS Roma&cllimit=500
2025-10-10 10:39:57,101 - INFO - Request URL: https://en.wikipedia.org/w/api.php?action=query&prop=langlinks&titles=AS Roma&lllimit=500&llprop=url
2025-10-10 10:39:57,269 - INFO -  Found Wikipedia data for: A.S. Roma
2025-10-10 10:39:57,382 - INFO - Request URL: https://en.wikipedia.org/w/api.php?action=query&prop=info&titles=Aardman Animations&inprop=protection|talkid|watched|watchers|visitingwatchers|notificationtimestamp|subjectid|url|readable|preload|displaytitle
2025-10-10 10:39:57,596 - INFO - Request URL: https://en.wikipedia.org/w/api.php?action=query&prop=extracts&titles=Aardman Animations&explaintext=1&exsectionformat=wiki
2025-10-10 10:39:57,940 - INFO - Request URL: https://en.wikipedia.org/w/api.php?action=query&prop=categories&titles=Aardman Animations&cllimit=500
2025-10-10 10:39:58,096 - INFO - Request URL: https://en.wikipedia.org/w/api.php?action=query&prop=langlinks&titles=Aardman Animations&lllimit=500&llprop=url
2025-10-10 10:39:58,257 - INFO -  Found Wikipedia data for: Aardman Animations
2025-10-10 10:39:58,367 - INFO - Request URL: https://en.wikipedia.org/w/api.php?action=query&prop=info&titles=Aba I&inprop=protection|talkid|watched|watchers|visitingwatchers|notificationtimestamp|subjectid|url|readable|preload|displaytitle
2025-10-10 10:39:58,567 - INFO - Request URL: https://en.wikipedia.org/w/api.php?action=query&prop=extracts&titles=Aba I&explaintext=1&exsectionformat=wiki
2025-10-10 10:39:58,849 - INFO - Request URL: https://en.wikipedia.org/w/api.php?action=query&prop=categories&titles=Aba I&cllimit=500
2025-10-10 10:39:59,008 - INFO - Request URL: https://en.wikipedia.org/w/api.php?action=query&prop=langlinks&titles=Aba I&lllimit=500&llprop=url
2025-10-10 10:39:59,160 - INFO -  Found Wikipedia data for: Aba I
2025-10-10 10:39:59,267 - INFO - Request URL: https://en.wikipedia.org/w/api.php?action=query&prop=info&titles=Abbad II al-Mu'tadid&inprop=protection|talkid|watched|watchers|visitingwatchers|notificationtimestamp|subjectid|url|readable|preload|displaytitle
2025-10-10 10:39:59,437 - INFO - Request URL: https://en.wikipedia.org/w/api.php?action=query&prop=extracts&titles=Abbad II al-Mu'tadid&explaintext=1&exsectionformat=wiki
2025-10-10 10:39:59,604 - INFO - Request URL: https://en.wikipedia.org/w/api.php?action=query&prop=categories&titles=Abbad II al-Mu'tadid&cllimit=500
2025-10-10 10:39:59,762 - INFO - Request URL: https://en.wikipedia.org/w/api.php?action=query&prop=langlinks&titles=Abbad II al-Mu'tadid&lllimit=500&llprop=url
2025-10-10 10:39:59,928 - INFO -  Found Wikipedia data for: Abbad II al-Mu'tadid
2025-10-10 10:40:00,034 - INFO - Request URL: https://en.wikipedia.org/w/api.php?action=query&prop=info&titles=Abbas Kiarostami&inprop=protection|talkid|watched|watchers|visitingwatchers|notificationtimestamp|subjectid|url|readable|preload|displaytitle
2025-10-10 10:40:00,239 - INFO - Request URL: https://en.wikipedia.org/w/api.php?action=query&prop=extracts&titles=Abbas Kiarostami&explaintext=1&exsectionformat=wiki
2025-10-10 10:40:00,649 - INFO - Request URL: https://en.wikipedia.org/w/api.php?action=query&prop=categories&titles=Abbas Kiarostami&cllimit=500
2025-10-10 10:40:00,809 - INFO - Request URL: https://en.wikipedia.org/w/api.php?action=query&prop=langlinks&titles=Abbas Kiarostami&lllimit=500&llprop=url
2025-10-10 10:40:00,967 - INFO -  Found Wikipedia data for: Abbas Kiarostami
2025-10-10 10:40:01,073 - INFO - Request URL: https://en.wikipedia.org/w/api.php?action=query&prop=info&titles=Abbey and Altenmünster of Lorsch&inprop=protection|talkid|watched|watchers|visitingwatchers|notificationtimestamp|subjectid|url|readable|preload|displaytitle
2025-10-10 10:40:01,277 - INFO - Request URL: https://en.wikipedia.org/w/api.php?action=query&prop=extracts&titles=Lorsch Abbey&explaintext=1&exsectionformat=wiki
2025-10-10 10:40:01,496 - INFO - Request URL: https://en.wikipedia.org/w/api.php?action=query&prop=categories&titles=Lorsch Abbey&cllimit=500
2025-10-10 10:40:01,654 - INFO - Request URL: https://en.wikipedia.org/w/api.php?action=query&prop=langlinks&titles=Lorsch Abbey&lllimit=500&llprop=url
2025-10-10 10:40:01,817 - INFO -  Found Wikipedia data for: Abbey and Altenmünster of Lorsch
2025-10-10 10:40:01,923 - INFO - Request URL: https://en.wikipedia.org/w/api.php?action=query&prop=info&titles=ABC Motors&inprop=protection|talkid|watched|watchers|visitingwatchers|notificationtimestamp|subjectid|url|readable|preload|displaytitle
2025-10-10 10:40:02,112 - INFO - Request URL: https://en.wikipedia.org/w/api.php?action=query&prop=extracts&titles=ABC Motors&explaintext=1&exsectionformat=wiki
2025-10-10 10:40:02,732 - INFO - Request URL: https://en.wikipedia.org/w/api.php?action=query&prop=categories&titles=ABC Motors&cllimit=500
2025-10-10 10:40:02,889 - INFO - Request URL: https://en.wikipedia.org/w/api.php?action=query&prop=langlinks&titles=ABC Motors&lllimit=500&llprop=url
2025-10-10 10:40:03,049 - INFO -  Found Wikipedia data for: ABC Motors
2025-10-10 10:40:03,154 - INFO - Request URL: https://en.wikipedia.org/w/api.php?action=query&prop=info&titles=Abeiku Crentsil&inprop=protection|talkid|watched|watchers|visitingwatchers|notificationtimestamp|subjectid|url|readable|preload|displaytitle
2025-10-10 10:40:03,339 - INFO - Request URL: https://en.wikipedia.org/w/api.php?action=query&prop=extracts&titles=Abeiku Crentsil&explaintext=1&exsectionformat=wiki
2025-10-10 10:40:04,239 - INFO - Request URL: https://en.wikipedia.org/w/api.php?action=query&prop=categories&titles=Abeiku Crentsil&cllimit=500
2025-10-10 10:40:04,398 - INFO - Request URL: https://en.wikipedia.org/w/api.php?action=query&prop=langlinks&titles=Abeiku Crentsil&lllimit=500&llprop=url
2025-10-10 10:40:04,556 - INFO -  Found Wikipedia data for: Abeiku Crentsil
2025-10-10 10:40:04,669 - INFO - Request URL: https://en.wikipedia.org/w/api.php?action=query&prop=info&titles=Abid Surti&inprop=protection|talkid|watched|watchers|visitingwatchers|notificationtimestamp|subjectid|url|readable|preload|displaytitle
2025-10-10 10:40:04,852 - INFO - Request URL: https://en.wikipedia.org/w/api.php?action=query&prop=extracts&titles=Abid Surti&explaintext=1&exsectionformat=wiki
2025-10-10 10:40:05,720 - INFO - Request URL: https://en.wikipedia.org/w/api.php?action=query&prop=categories&titles=Abid Surti&cllimit=500
2025-10-10 10:40:05,877 - INFO - Request URL: https://en.wikipedia.org/w/api.php?action=query&prop=langlinks&titles=Abid Surti&lllimit=500&llprop=url
2025-10-10 10:40:06,030 - INFO -  Found Wikipedia data for: Abid Surti
2025-10-10 10:40:06,138 - INFO - Request URL: https://en.wikipedia.org/w/api.php?action=query&prop=info&titles=Abies&inprop=protection|talkid|watched|watchers|visitingwatchers|notificationtimestamp|subjectid|url|readable|preload|displaytitle
2025-10-10 10:40:06,341 - INFO - Request URL: https://en.wikipedia.org/w/api.php?action=query&prop=extracts&titles=Fir&explaintext=1&exsectionformat=wiki
2025-10-10 10:40:06,496 - INFO - Request URL: https://en.wikipedia.org/w/api.php?action=query&prop=categories&titles=Fir&cllimit=500
2025-10-10 10:40:06,645 - INFO - Request URL: https://en.wikipedia.org/w/api.php?action=query&prop=langlinks&titles=Fir&lllimit=500&llprop=url
2025-10-10 10:40:06,809 - INFO -  Found Wikipedia data for: Abies
2025-10-10 10:40:06,915 - INFO - Request URL: https://en.wikipedia.org/w/api.php?action=query&prop=info&titles=Abitibi River&inprop=protection|talkid|watched|watchers|visitingwatchers|notificationtimestamp|subjectid|url|readable|preload|displaytitle
2025-10-10 10:40:07,097 - INFO - Request URL: https://en.wikipedia.org/w/api.php?action=query&prop=extracts&titles=Abitibi River&explaintext=1&exsectionformat=wiki
2025-10-10 10:40:08,094 - INFO - Request URL: https://en.wikipedia.org/w/api.php?action=query&prop=categories&titles=Abitibi River&cllimit=500
2025-10-10 10:40:08,256 - INFO - Request URL: https://en.wikipedia.org/w/api.php?action=query&prop=langlinks&titles=Abitibi River&lllimit=500&llprop=url
2025-10-10 10:40:08,413 - INFO -  Found Wikipedia data for: Abitibi River
2025-10-10 10:40:08,530 - INFO - Request URL: https://en.wikipedia.org/w/api.php?action=query&prop=info&titles=Aboriginal and Torres Strait Islander Commission&inprop=protection|talkid|watched|watchers|visitingwatchers|notificationtimestamp|subjectid|url|readable|preload|displaytitle
2025-10-10 10:40:08,724 - INFO - Request URL: https://en.wikipedia.org/w/api.php?action=query&prop=extracts&titles=Aboriginal and Torres Strait Islander Commission&explaintext=1&exsectionformat=wiki
2025-10-10 10:40:08,956 - INFO - Request URL: https://en.wikipedia.org/w/api.php?action=query&prop=categories&titles=Aboriginal and Torres Strait Islander Commission&cllimit=500
2025-10-10 10:40:09,115 - INFO - Request URL: https://en.wikipedia.org/w/api.php?action=query&prop=langlinks&titles=Aboriginal and Torres Strait Islander Commission&lllimit=500&llprop=url
2025-10-10 10:40:09,271 - INFO -  Found Wikipedia data for: Aboriginal and Torres Strait Islander Commission
2025-10-10 10:40:09,380 - INFO - Request URL: https://en.wikipedia.org/w/api.php?action=query&prop=info&titles=Abraham Lincoln&inprop=protection|talkid|watched|watchers|visitingwatchers|notificationtimestamp|subjectid|url|readable|preload|displaytitle
2025-10-10 10:40:09,856 - INFO - Request URL: https://en.wikipedia.org/w/api.php?action=query&prop=extracts&titles=Abraham Lincoln&explaintext=1&exsectionformat=wiki
2025-10-10 10:40:10,199 - INFO - Request URL: https://en.wikipedia.org/w/api.php?action=query&prop=categories&titles=Abraham Lincoln&cllimit=500
2025-10-10 10:40:10,353 - INFO - Request URL: https://en.wikipedia.org/w/api.php?action=query&prop=langlinks&titles=Abraham Lincoln&lllimit=500&llprop=url
2025-10-10 10:40:10,601 - INFO -  Found Wikipedia data for: Abraham Lincoln
2025-10-10 10:40:10,708 - INFO - Request URL: https://en.wikipedia.org/w/api.php?action=query&prop=info&titles=ABS-CBN Integrated News&inprop=protection|talkid|watched|watchers|visitingwatchers|notificationtimestamp|subjectid|url|readable|preload|displaytitle
2025-10-10 10:40:10,899 - WARNING -   No Wikipedia page for: ABS-CBN Integrated News
2025-10-10 10:40:11,005 - INFO - Request URL: https://en.wikipedia.org/w/api.php?action=query&prop=info&titles=Absolution of the dead&inprop=protection|talkid|watched|watchers|visitingwatchers|notificationtimestamp|subjectid|url|readable|preload|displaytitle
2025-10-10 10:40:11,187 - INFO - Request URL: https://en.wikipedia.org/w/api.php?action=query&prop=extracts&titles=Absolution of the dead&explaintext=1&exsectionformat=wiki
2025-10-10 10:40:11,392 - INFO - Request URL: https://en.wikipedia.org/w/api.php?action=query&prop=categories&titles=Absolution of the dead&cllimit=500
2025-10-10 10:40:11,550 - INFO - Request URL: https://en.wikipedia.org/w/api.php?action=query&prop=langlinks&titles=Absolution of the dead&lllimit=500&llprop=url
2025-10-10 10:40:11,701 - INFO -  Found Wikipedia data for: Absolution of the dead
2025-10-10 10:40:11,807 - INFO - Request URL: https://en.wikipedia.org/w/api.php?action=query&prop=info&titles=abstract animation film&inprop=protection|talkid|watched|watchers|visitingwatchers|notificationtimestamp|subjectid|url|readable|preload|displaytitle
2025-10-10 10:40:11,992 - WARNING -   No Wikipedia page for: abstract animation film
2025-10-10 10:40:12,097 - INFO - Request URL: https://en.wikipedia.org/w/api.php?action=query&prop=info&titles=Abu Dhabi Grand Prix&inprop=protection|talkid|watched|watchers|visitingwatchers|notificationtimestamp|subjectid|url|readable|preload|displaytitle
2025-10-10 10:40:12,292 - INFO - Request URL: https://en.wikipedia.org/w/api.php?action=query&prop=extracts&titles=Abu Dhabi Grand Prix&explaintext=1&exsectionformat=wiki
2025-10-10 10:40:12,520 - INFO - Request URL: https://en.wikipedia.org/w/api.php?action=query&prop=categories&titles=Abu Dhabi Grand Prix&cllimit=500
2025-10-10 10:40:12,677 - INFO - Request URL: https://en.wikipedia.org/w/api.php?action=query&prop=langlinks&titles=Abu Dhabi Grand Prix&lllimit=500&llprop=url
2025-10-10 10:40:12,833 - INFO -  Found Wikipedia data for: Abu Dhabi Grand Prix
2025-10-10 10:40:12,943 - INFO - Request URL: https://en.wikipedia.org/w/api.php?action=query&prop=info&titles=Abu Nuwas&inprop=protection|talkid|watched|watchers|visitingwatchers|notificationtimestamp|subjectid|url|readable|preload|displaytitle
2025-10-10 10:40:13,137 - INFO - Request URL: https://en.wikipedia.org/w/api.php?action=query&prop=extracts&titles=Abu Nuwas&explaintext=1&exsectionformat=wiki
2025-10-10 10:40:13,498 - INFO - Request URL: https://en.wikipedia.org/w/api.php?action=query&prop=categories&titles=Abu Nuwas&cllimit=500
2025-10-10 10:40:13,656 - INFO - Request URL: https://en.wikipedia.org/w/api.php?action=query&prop=langlinks&titles=Abu Nuwas&lllimit=500&llprop=url
2025-10-10 10:40:13,901 - INFO -  Found Wikipedia data for: Abu Nuwas
2025-10-10 10:40:14,011 - INFO - Request URL: https://en.wikipedia.org/w/api.php?action=query&prop=info&titles=Abul Hasan ash-Shadhili&inprop=protection|talkid|watched|watchers|visitingwatchers|notificationtimestamp|subjectid|url|readable|preload|displaytitle
2025-10-10 10:40:14,193 - INFO - Request URL: https://en.wikipedia.org/w/api.php?action=query&prop=extracts&titles=Al-Shadhili&explaintext=1&exsectionformat=wiki
2025-10-10 10:40:14,409 - INFO - Request URL: https://en.wikipedia.org/w/api.php?action=query&prop=categories&titles=Al-Shadhili&cllimit=500
2025-10-10 10:40:14,572 - INFO - Request URL: https://en.wikipedia.org/w/api.php?action=query&prop=langlinks&titles=Al-Shadhili&lllimit=500&llprop=url
2025-10-10 10:40:14,726 - INFO -  Found Wikipedia data for: Abul Hasan ash-Shadhili
2025-10-10 10:40:14,833 - INFO - Request URL: https://en.wikipedia.org/w/api.php?action=query&prop=info&titles=Académico F.C.&inprop=protection|talkid|watched|watchers|visitingwatchers|notificationtimestamp|subjectid|url|readable|preload|displaytitle
2025-10-10 10:40:15,012 - INFO - Request URL: https://en.wikipedia.org/w/api.php?action=query&prop=extracts&titles=Académico F.C.&explaintext=1&exsectionformat=wiki
2025-10-10 10:40:15,181 - INFO - Request URL: https://en.wikipedia.org/w/api.php?action=query&prop=categories&titles=Académico F.C.&cllimit=500
2025-10-10 10:40:15,336 - INFO - Request URL: https://en.wikipedia.org/w/api.php?action=query&prop=langlinks&titles=Académico F.C.&lllimit=500&llprop=url
2025-10-10 10:40:15,495 - INFO -  Found Wikipedia data for: Académico F.C.
2025-10-10 10:40:15,608 - INFO -  Saved 50 entries to cache
2025-10-10 10:40:15,609 - INFO -  Progress saved at row 50
2025-10-10 10:40:15,610 - INFO - Request URL: https://en.wikipedia.org/w/api.php?action=query&prop=info&titles=ACBS Asian Snooker Championship&inprop=protection|talkid|watched|watchers|visitingwatchers|notificationtimestamp|subjectid|url|readable|preload|displaytitle
2025-10-10 10:40:15,811 - INFO - Request URL: https://en.wikipedia.org/w/api.php?action=query&prop=extracts&titles=ACBS Asian Snooker Championship&explaintext=1&exsectionformat=wiki
2025-10-10 10:40:16,046 - INFO - Request URL: https://en.wikipedia.org/w/api.php?action=query&prop=categories&titles=ACBS Asian Snooker Championship&cllimit=500
2025-10-10 10:40:16,201 - INFO - Request URL: https://en.wikipedia.org/w/api.php?action=query&prop=langlinks&titles=ACBS Asian Snooker Championship&lllimit=500&llprop=url
2025-10-10 10:40:16,355 - INFO -  Found Wikipedia data for: ACBS Asian Snooker Championship
2025-10-10 10:40:16,460 - INFO - Request URL: https://en.wikipedia.org/w/api.php?action=query&prop=info&titles=Accelerade&inprop=protection|talkid|watched|watchers|visitingwatchers|notificationtimestamp|subjectid|url|readable|preload|displaytitle
2025-10-10 10:40:16,647 - INFO - Request URL: https://en.wikipedia.org/w/api.php?action=query&prop=extracts&titles=Accelerade&explaintext=1&exsectionformat=wiki
2025-10-10 10:40:16,823 - INFO - Request URL: https://en.wikipedia.org/w/api.php?action=query&prop=categories&titles=Accelerade&cllimit=500
2025-10-10 10:40:16,986 - INFO - Request URL: https://en.wikipedia.org/w/api.php?action=query&prop=langlinks&titles=Accelerade&lllimit=500&llprop=url
2025-10-10 10:40:17,140 - INFO -  Found Wikipedia data for: Accelerade
2025-10-10 10:40:17,245 - INFO - Request URL: https://en.wikipedia.org/w/api.php?action=query&prop=info&titles=accelerationism&inprop=protection|talkid|watched|watchers|visitingwatchers|notificationtimestamp|subjectid|url|readable|preload|displaytitle
2025-10-10 10:40:17,503 - INFO - Request URL: https://en.wikipedia.org/w/api.php?action=query&prop=extracts&titles=Accelerationism&explaintext=1&exsectionformat=wiki
2025-10-10 10:40:17,839 - INFO - Request URL: https://en.wikipedia.org/w/api.php?action=query&prop=categories&titles=Accelerationism&cllimit=500
2025-10-10 10:40:18,011 - INFO - Request URL: https://en.wikipedia.org/w/api.php?action=query&prop=langlinks&titles=Accelerationism&lllimit=500&llprop=url
2025-10-10 10:40:18,162 - INFO -  Found Wikipedia data for: accelerationism
2025-10-10 10:40:18,268 - INFO - Request URL: https://en.wikipedia.org/w/api.php?action=query&prop=info&titles=acceptable use policy&inprop=protection|talkid|watched|watchers|visitingwatchers|notificationtimestamp|subjectid|url|readable|preload|displaytitle
2025-10-10 10:40:18,453 - INFO - Request URL: https://en.wikipedia.org/w/api.php?action=query&prop=extracts&titles=Acceptable use policy&explaintext=1&exsectionformat=wiki
2025-10-10 10:40:18,653 - INFO - Request URL: https://en.wikipedia.org/w/api.php?action=query&prop=categories&titles=Acceptable use policy&cllimit=500
2025-10-10 10:40:18,809 - INFO - Request URL: https://en.wikipedia.org/w/api.php?action=query&prop=langlinks&titles=Acceptable use policy&lllimit=500&llprop=url
2025-10-10 10:40:18,974 - INFO -  Found Wikipedia data for: acceptable use policy
2025-10-10 10:40:19,085 - INFO - Request URL: https://en.wikipedia.org/w/api.php?action=query&prop=info&titles=acclamatio&inprop=protection|talkid|watched|watchers|visitingwatchers|notificationtimestamp|subjectid|url|readable|preload|displaytitle
2025-10-10 10:40:19,264 - INFO - Request URL: https://en.wikipedia.org/w/api.php?action=query&prop=extracts&titles=Acclamatio&explaintext=1&exsectionformat=wiki
2025-10-10 10:40:19,427 - INFO - Request URL: https://en.wikipedia.org/w/api.php?action=query&prop=categories&titles=Acclamatio&cllimit=500
2025-10-10 10:40:19,593 - INFO - Request URL: https://en.wikipedia.org/w/api.php?action=query&prop=langlinks&titles=Acclamatio&lllimit=500&llprop=url
2025-10-10 10:40:19,761 - INFO -  Found Wikipedia data for: acclamatio
2025-10-10 10:40:19,872 - INFO - Request URL: https://en.wikipedia.org/w/api.php?action=query&prop=info&titles=acclamation&inprop=protection|talkid|watched|watchers|visitingwatchers|notificationtimestamp|subjectid|url|readable|preload|displaytitle
2025-10-10 10:40:20,076 - INFO - Request URL: https://en.wikipedia.org/w/api.php?action=query&prop=extracts&titles=Acclamation&explaintext=1&exsectionformat=wiki
2025-10-10 10:40:20,251 - INFO - Request URL: https://en.wikipedia.org/w/api.php?action=query&prop=categories&titles=Acclamation&cllimit=500
2025-10-10 10:40:20,401 - INFO - Request URL: https://en.wikipedia.org/w/api.php?action=query&prop=langlinks&titles=Acclamation&lllimit=500&llprop=url
2025-10-10 10:40:20,560 - INFO -  Found Wikipedia data for: acclamation
2025-10-10 10:40:20,672 - INFO - Request URL: https://en.wikipedia.org/w/api.php?action=query&prop=info&titles=accomplice&inprop=protection|talkid|watched|watchers|visitingwatchers|notificationtimestamp|subjectid|url|readable|preload|displaytitle
2025-10-10 10:40:20,881 - INFO - Request URL: https://en.wikipedia.org/w/api.php?action=query&prop=extracts&titles=Aiding and abetting&explaintext=1&exsectionformat=wiki
2025-10-10 10:40:21,117 - INFO - Request URL: https://en.wikipedia.org/w/api.php?action=query&prop=categories&titles=Aiding and abetting&cllimit=500
2025-10-10 10:40:21,269 - INFO - Request URL: https://en.wikipedia.org/w/api.php?action=query&prop=langlinks&titles=Aiding and abetting&lllimit=500&llprop=url
2025-10-10 10:40:21,430 - INFO -  Found Wikipedia data for: accomplice
2025-10-10 10:40:21,546 - INFO - Request URL: https://en.wikipedia.org/w/api.php?action=query&prop=info&titles=accordionist&inprop=protection|talkid|watched|watchers|visitingwatchers|notificationtimestamp|subjectid|url|readable|preload|displaytitle
2025-10-10 10:40:21,781 - INFO - Request URL: https://en.wikipedia.org/w/api.php?action=query&prop=extracts&titles=Accordion&explaintext=1&exsectionformat=wiki
2025-10-10 10:40:22,217 - INFO - Request URL: https://en.wikipedia.org/w/api.php?action=query&prop=categories&titles=Accordion&cllimit=500
2025-10-10 10:40:22,376 - INFO - Request URL: https://en.wikipedia.org/w/api.php?action=query&prop=langlinks&titles=Accordion&lllimit=500&llprop=url
2025-10-10 10:40:22,545 - INFO -  Found Wikipedia data for: accordionist
2025-10-10 10:40:22,661 - INFO - Request URL: https://en.wikipedia.org/w/api.php?action=query&prop=info&titles=Acer&inprop=protection|talkid|watched|watchers|visitingwatchers|notificationtimestamp|subjectid|url|readable|preload|displaytitle
2025-10-10 10:40:22,858 - INFO - Request URL: https://en.wikipedia.org/w/api.php?action=query&prop=extracts&titles=Acer&explaintext=1&exsectionformat=wiki
2025-10-10 10:40:23,021 - INFO - Request URL: https://en.wikipedia.org/w/api.php?action=query&prop=categories&titles=Acer&cllimit=500
2025-10-10 10:40:23,182 - INFO - Request URL: https://en.wikipedia.org/w/api.php?action=query&prop=langlinks&titles=Acer&lllimit=500&llprop=url
2025-10-10 10:40:23,347 - INFO -  Found Wikipedia data for: Acer
2025-10-10 10:40:23,464 - INFO - Request URL: https://en.wikipedia.org/w/api.php?action=query&prop=info&titles=Achatinidae&inprop=protection|talkid|watched|watchers|visitingwatchers|notificationtimestamp|subjectid|url|readable|preload|displaytitle
2025-10-10 10:40:23,658 - INFO - Request URL: https://en.wikipedia.org/w/api.php?action=query&prop=extracts&titles=Achatinidae&explaintext=1&exsectionformat=wiki
2025-10-10 10:40:23,877 - INFO - Request URL: https://en.wikipedia.org/w/api.php?action=query&prop=categories&titles=Achatinidae&cllimit=500
2025-10-10 10:40:24,039 - INFO - Request URL: https://en.wikipedia.org/w/api.php?action=query&prop=langlinks&titles=Achatinidae&lllimit=500&llprop=url
2025-10-10 10:40:24,202 - INFO -  Found Wikipedia data for: Achatinidae
2025-10-10 10:40:24,321 - INFO - Request URL: https://en.wikipedia.org/w/api.php?action=query&prop=info&titles=acid rock&inprop=protection|talkid|watched|watchers|visitingwatchers|notificationtimestamp|subjectid|url|readable|preload|displaytitle
2025-10-10 10:40:24,532 - INFO - Request URL: https://en.wikipedia.org/w/api.php?action=query&prop=extracts&titles=Acid rock&explaintext=1&exsectionformat=wiki
2025-10-10 10:40:24,877 - INFO - Request URL: https://en.wikipedia.org/w/api.php?action=query&prop=categories&titles=Acid rock&cllimit=500
2025-10-10 10:40:25,041 - INFO - Request URL: https://en.wikipedia.org/w/api.php?action=query&prop=langlinks&titles=Acid rock&lllimit=500&llprop=url
2025-10-10 10:40:25,214 - INFO -  Found Wikipedia data for: acid rock
2025-10-10 10:40:25,326 - INFO - Request URL: https://en.wikipedia.org/w/api.php?action=query&prop=info&titles=acidophile&inprop=protection|talkid|watched|watchers|visitingwatchers|notificationtimestamp|subjectid|url|readable|preload|displaytitle
2025-10-10 10:40:25,527 - INFO - Request URL: https://en.wikipedia.org/w/api.php?action=query&prop=extracts&titles=Acidophile&explaintext=1&exsectionformat=wiki
2025-10-10 10:40:25,692 - INFO - Request URL: https://en.wikipedia.org/w/api.php?action=query&prop=categories&titles=Acidophile&cllimit=500
2025-10-10 10:40:25,849 - INFO - Request URL: https://en.wikipedia.org/w/api.php?action=query&prop=langlinks&titles=Acidophile&lllimit=500&llprop=url
2025-10-10 10:40:26,003 - INFO -  Found Wikipedia data for: acidophile
2025-10-10 10:40:26,110 - INFO - Request URL: https://en.wikipedia.org/w/api.php?action=query&prop=info&titles=acousmatic music&inprop=protection|talkid|watched|watchers|visitingwatchers|notificationtimestamp|subjectid|url|readable|preload|displaytitle
2025-10-10 10:40:26,320 - INFO - Request URL: https://en.wikipedia.org/w/api.php?action=query&prop=extracts&titles=Acousmatic music&explaintext=1&exsectionformat=wiki
2025-10-10 10:40:26,528 - INFO - Request URL: https://en.wikipedia.org/w/api.php?action=query&prop=categories&titles=Acousmatic music&cllimit=500
2025-10-10 10:40:26,689 - INFO - Request URL: https://en.wikipedia.org/w/api.php?action=query&prop=langlinks&titles=Acousmatic music&lllimit=500&llprop=url
2025-10-10 10:40:26,844 - INFO -  Found Wikipedia data for: acousmatic music
2025-10-10 10:40:26,951 - INFO - Request URL: https://en.wikipedia.org/w/api.php?action=query&prop=info&titles=ACT New Zealand&inprop=protection|talkid|watched|watchers|visitingwatchers|notificationtimestamp|subjectid|url|readable|preload|displaytitle
2025-10-10 10:40:27,157 - INFO - Request URL: https://en.wikipedia.org/w/api.php?action=query&prop=extracts&titles=ACT New Zealand&explaintext=1&exsectionformat=wiki
2025-10-10 10:40:27,550 - INFO - Request URL: https://en.wikipedia.org/w/api.php?action=query&prop=categories&titles=ACT New Zealand&cllimit=500
2025-10-10 10:40:27,715 - INFO - Request URL: https://en.wikipedia.org/w/api.php?action=query&prop=langlinks&titles=ACT New Zealand&lllimit=500&llprop=url
2025-10-10 10:40:27,873 - INFO -  Found Wikipedia data for: ACT New Zealand
2025-10-10 10:40:27,979 - INFO - Request URL: https://en.wikipedia.org/w/api.php?action=query&prop=info&titles=action film&inprop=protection|talkid|watched|watchers|visitingwatchers|notificationtimestamp|subjectid|url|readable|preload|displaytitle
2025-10-10 10:40:28,218 - INFO - Request URL: https://en.wikipedia.org/w/api.php?action=query&prop=extracts&titles=Action film&explaintext=1&exsectionformat=wiki
2025-10-10 10:40:28,553 - INFO - Request URL: https://en.wikipedia.org/w/api.php?action=query&prop=categories&titles=Action film&cllimit=500
2025-10-10 10:40:28,710 - INFO - Request URL: https://en.wikipedia.org/w/api.php?action=query&prop=langlinks&titles=Action film&lllimit=500&llprop=url
2025-10-10 10:40:28,890 - INFO -  Found Wikipedia data for: action film
2025-10-10 10:40:29,001 - INFO - Request URL: https://en.wikipedia.org/w/api.php?action=query&prop=info&titles=active mobility&inprop=protection|talkid|watched|watchers|visitingwatchers|notificationtimestamp|subjectid|url|readable|preload|displaytitle
2025-10-10 10:40:29,195 - INFO - Request URL: https://en.wikipedia.org/w/api.php?action=query&prop=extracts&titles=Active mobility&explaintext=1&exsectionformat=wiki
2025-10-10 10:40:29,517 - INFO - Request URL: https://en.wikipedia.org/w/api.php?action=query&prop=categories&titles=Active mobility&cllimit=500
2025-10-10 10:40:29,681 - INFO - Request URL: https://en.wikipedia.org/w/api.php?action=query&prop=langlinks&titles=Active mobility&lllimit=500&llprop=url
2025-10-10 10:40:29,843 - INFO -  Found Wikipedia data for: active mobility
2025-10-10 10:40:29,950 - INFO - Request URL: https://en.wikipedia.org/w/api.php?action=query&prop=info&titles=activity book&inprop=protection|talkid|watched|watchers|visitingwatchers|notificationtimestamp|subjectid|url|readable|preload|displaytitle
2025-10-10 10:40:30,146 - INFO - Request URL: https://en.wikipedia.org/w/api.php?action=query&prop=extracts&titles=Activity book&explaintext=1&exsectionformat=wiki
2025-10-10 10:40:30,336 - INFO - Request URL: https://en.wikipedia.org/w/api.php?action=query&prop=categories&titles=Activity book&cllimit=500
2025-10-10 10:40:30,489 - INFO - Request URL: https://en.wikipedia.org/w/api.php?action=query&prop=langlinks&titles=Activity book&lllimit=500&llprop=url
2025-10-10 10:40:30,650 - INFO -  Found Wikipedia data for: activity book
2025-10-10 10:40:30,756 - INFO - Request URL: https://en.wikipedia.org/w/api.php?action=query&prop=info&titles=Acton&inprop=protection|talkid|watched|watchers|visitingwatchers|notificationtimestamp|subjectid|url|readable|preload|displaytitle
2025-10-10 10:40:30,968 - INFO - Request URL: https://en.wikipedia.org/w/api.php?action=query&prop=extracts&titles=Acton&explaintext=1&exsectionformat=wiki
2025-10-10 10:40:31,148 - INFO - Request URL: https://en.wikipedia.org/w/api.php?action=query&prop=categories&titles=Acton&cllimit=500
2025-10-10 10:40:31,301 - INFO - Request URL: https://en.wikipedia.org/w/api.php?action=query&prop=langlinks&titles=Acton&lllimit=500&llprop=url
2025-10-10 10:40:31,460 - INFO -  Found Wikipedia data for: Acton
2025-10-10 10:40:31,568 - INFO - Request URL: https://en.wikipedia.org/w/api.php?action=query&prop=info&titles=actor-manager&inprop=protection|talkid|watched|watchers|visitingwatchers|notificationtimestamp|subjectid|url|readable|preload|displaytitle
2025-10-10 10:40:31,752 - INFO - Request URL: https://en.wikipedia.org/w/api.php?action=query&prop=extracts&titles=Actor-manager&explaintext=1&exsectionformat=wiki
2025-10-10 10:40:31,922 - INFO - Request URL: https://en.wikipedia.org/w/api.php?action=query&prop=categories&titles=Actor-manager&cllimit=500
2025-10-10 10:40:32,088 - INFO - Request URL: https://en.wikipedia.org/w/api.php?action=query&prop=langlinks&titles=Actor-manager&lllimit=500&llprop=url
2025-10-10 10:40:32,246 - INFO -  Found Wikipedia data for: actor-manager
2025-10-10 10:40:32,352 - INFO - Request URL: https://en.wikipedia.org/w/api.php?action=query&prop=info&titles=actress&inprop=protection|talkid|watched|watchers|visitingwatchers|notificationtimestamp|subjectid|url|readable|preload|displaytitle
2025-10-10 10:40:32,620 - INFO - Request URL: https://en.wikipedia.org/w/api.php?action=query&prop=extracts&titles=Actor&explaintext=1&exsectionformat=wiki
2025-10-10 10:40:32,952 - INFO - Request URL: https://en.wikipedia.org/w/api.php?action=query&prop=categories&titles=Actor&cllimit=500
2025-10-10 10:40:33,105 - INFO - Request URL: https://en.wikipedia.org/w/api.php?action=query&prop=langlinks&titles=Actor&lllimit=500&llprop=url
2025-10-10 10:40:33,356 - INFO -  Found Wikipedia data for: actress
2025-10-10 10:40:33,463 - INFO - Request URL: https://en.wikipedia.org/w/api.php?action=query&prop=info&titles=ADAC&inprop=protection|talkid|watched|watchers|visitingwatchers|notificationtimestamp|subjectid|url|readable|preload|displaytitle
2025-10-10 10:40:33,655 - INFO - Request URL: https://en.wikipedia.org/w/api.php?action=query&prop=extracts&titles=ADAC&explaintext=1&exsectionformat=wiki
2025-10-10 10:40:33,950 - INFO - Request URL: https://en.wikipedia.org/w/api.php?action=query&prop=categories&titles=ADAC&cllimit=500
2025-10-10 10:40:34,106 - INFO - Request URL: https://en.wikipedia.org/w/api.php?action=query&prop=langlinks&titles=ADAC&lllimit=500&llprop=url
2025-10-10 10:40:34,267 - INFO -  Found Wikipedia data for: ADAC
2025-10-10 10:40:34,373 - INFO - Request URL: https://en.wikipedia.org/w/api.php?action=query&prop=info&titles=Adam de la Halle&inprop=protection|talkid|watched|watchers|visitingwatchers|notificationtimestamp|subjectid|url|readable|preload|displaytitle
2025-10-10 10:40:34,558 - INFO - Request URL: https://en.wikipedia.org/w/api.php?action=query&prop=extracts&titles=Adam de la Halle&explaintext=1&exsectionformat=wiki
2025-10-10 10:40:34,769 - INFO - Request URL: https://en.wikipedia.org/w/api.php?action=query&prop=categories&titles=Adam de la Halle&cllimit=500
2025-10-10 10:40:34,929 - INFO - Request URL: https://en.wikipedia.org/w/api.php?action=query&prop=langlinks&titles=Adam de la Halle&lllimit=500&llprop=url
2025-10-10 10:40:35,089 - INFO -  Found Wikipedia data for: Adam de la Halle
2025-10-10 10:40:35,196 - INFO - Request URL: https://en.wikipedia.org/w/api.php?action=query&prop=info&titles=Adam Elsheimer&inprop=protection|talkid|watched|watchers|visitingwatchers|notificationtimestamp|subjectid|url|readable|preload|displaytitle
2025-10-10 10:40:35,381 - INFO - Request URL: https://en.wikipedia.org/w/api.php?action=query&prop=extracts&titles=Adam Elsheimer&explaintext=1&exsectionformat=wiki
2025-10-10 10:40:35,569 - INFO - Request URL: https://en.wikipedia.org/w/api.php?action=query&prop=categories&titles=Adam Elsheimer&cllimit=500
2025-10-10 10:40:35,724 - INFO - Request URL: https://en.wikipedia.org/w/api.php?action=query&prop=langlinks&titles=Adam Elsheimer&lllimit=500&llprop=url
2025-10-10 10:40:35,880 - INFO -  Found Wikipedia data for: Adam Elsheimer
2025-10-10 10:40:35,986 - INFO - Request URL: https://en.wikipedia.org/w/api.php?action=query&prop=info&titles=Adanaspor&inprop=protection|talkid|watched|watchers|visitingwatchers|notificationtimestamp|subjectid|url|readable|preload|displaytitle
2025-10-10 10:40:36,165 - INFO - Request URL: https://en.wikipedia.org/w/api.php?action=query&prop=extracts&titles=Adanaspor&explaintext=1&exsectionformat=wiki
2025-10-10 10:40:36,399 - INFO - Request URL: https://en.wikipedia.org/w/api.php?action=query&prop=categories&titles=Adanaspor&cllimit=500
2025-10-10 10:40:36,556 - INFO - Request URL: https://en.wikipedia.org/w/api.php?action=query&prop=langlinks&titles=Adanaspor&lllimit=500&llprop=url
2025-10-10 10:40:36,714 - INFO -  Found Wikipedia data for: Adanaspor
2025-10-10 10:40:36,820 - INFO - Request URL: https://en.wikipedia.org/w/api.php?action=query&prop=info&titles=Adèle Haenel&inprop=protection|talkid|watched|watchers|visitingwatchers|notificationtimestamp|subjectid|url|readable|preload|displaytitle
2025-10-10 10:40:37,009 - INFO - Request URL: https://en.wikipedia.org/w/api.php?action=query&prop=extracts&titles=Adèle Haenel&explaintext=1&exsectionformat=wiki
2025-10-10 10:40:37,241 - INFO - Request URL: https://en.wikipedia.org/w/api.php?action=query&prop=categories&titles=Adèle Haenel&cllimit=500
2025-10-10 10:40:37,404 - INFO - Request URL: https://en.wikipedia.org/w/api.php?action=query&prop=langlinks&titles=Adèle Haenel&lllimit=500&llprop=url
2025-10-10 10:40:37,563 - INFO -  Found Wikipedia data for: Adèle Haenel
2025-10-10 10:40:37,669 - INFO - Request URL: https://en.wikipedia.org/w/api.php?action=query&prop=info&titles=adelphopoiesis&inprop=protection|talkid|watched|watchers|visitingwatchers|notificationtimestamp|subjectid|url|readable|preload|displaytitle
2025-10-10 10:40:37,878 - INFO - Request URL: https://en.wikipedia.org/w/api.php?action=query&prop=extracts&titles=Adelphopoiesis&explaintext=1&exsectionformat=wiki
2025-10-10 10:40:38,096 - INFO - Request URL: https://en.wikipedia.org/w/api.php?action=query&prop=categories&titles=Adelphopoiesis&cllimit=500
2025-10-10 10:40:38,263 - INFO - Request URL: https://en.wikipedia.org/w/api.php?action=query&prop=langlinks&titles=Adelphopoiesis&lllimit=500&llprop=url
2025-10-10 10:40:38,431 - INFO -  Found Wikipedia data for: adelphopoiesis
2025-10-10 10:40:38,548 - INFO - Request URL: https://en.wikipedia.org/w/api.php?action=query&prop=info&titles=administrative centre&inprop=protection|talkid|watched|watchers|visitingwatchers|notificationtimestamp|subjectid|url|readable|preload|displaytitle
2025-10-10 10:40:38,763 - INFO - Request URL: https://en.wikipedia.org/w/api.php?action=query&prop=extracts&titles=Administrative centre&explaintext=1&exsectionformat=wiki
2025-10-10 10:40:38,935 - INFO - Request URL: https://en.wikipedia.org/w/api.php?action=query&prop=categories&titles=Administrative centre&cllimit=500
2025-10-10 10:40:39,091 - INFO - Request URL: https://en.wikipedia.org/w/api.php?action=query&prop=langlinks&titles=Administrative centre&lllimit=500&llprop=url
2025-10-10 10:40:39,256 - INFO -  Found Wikipedia data for: administrative centre
2025-10-10 10:40:39,364 - INFO - Request URL: https://en.wikipedia.org/w/api.php?action=query&prop=info&titles=administrative city in the Republic of Ireland&inprop=protection|talkid|watched|watchers|visitingwatchers|notificationtimestamp|subjectid|url|readable|preload|displaytitle
2025-10-10 10:40:39,555 - WARNING -   No Wikipedia page for: administrative city in the Republic of Ireland
2025-10-10 10:40:39,661 - INFO - Request URL: https://en.wikipedia.org/w/api.php?action=query&prop=info&titles=administrative procedure&inprop=protection|talkid|watched|watchers|visitingwatchers|notificationtimestamp|subjectid|url|readable|preload|displaytitle
