2025-10-10 08:23:06,533 - INFO - ============================================================
2025-10-10 08:23:06,534 - INFO - Cultural Classification Training Pipeline
2025-10-10 08:23:06,534 - INFO - ============================================================
2025-10-10 08:23:06,534 - INFO - 
Configuration:
2025-10-10 08:23:06,535 - INFO -   Model: microsoft/mdeberta-v3-base
2025-10-10 08:23:06,535 - INFO -   Batch Size: 16
2025-10-10 08:23:06,535 - INFO -   Learning Rate: 2e-05
2025-10-10 08:23:06,535 - INFO -   Epochs: 10
2025-10-10 08:23:06,536 - INFO -   Use K-Fold: True
2025-10-10 08:23:06,536 - INFO -   N Folds: 5
2025-10-10 08:23:06,536 - INFO -   FP16: True
2025-10-10 08:23:06,715 - INFO -   Device: Tesla V100-SXM2-32GB
2025-10-10 08:23:06,716 - INFO - Loading data...
2025-10-10 08:23:06,796 - INFO - Train size: 6251
2025-10-10 08:23:06,797 - INFO - Test size: 300
2025-10-10 08:23:06,804 - INFO - Train label distribution:
label
cultural exclusive         2691
cultural agnostic          1872
cultural representative    1688
Name: count, dtype: int64
2025-10-10 08:23:06,813 - INFO - Train missing values:
item           0
name           0
description    0
type           0
category       0
subcategory    0
label          0
dtype: int64
2025-10-10 08:23:06,821 - INFO - 
Loading tokenizer: microsoft/mdeberta-v3-base
2025-10-10 08:26:34,849 - INFO - ======================================================================
2025-10-10 08:26:34,850 - INFO - 🚀 Cultural Classification Training Pipeline - ENHANCED
2025-10-10 08:26:34,850 - INFO - ======================================================================
2025-10-10 08:26:34,850 - INFO - 
📋 Configuration:
2025-10-10 08:26:34,850 - INFO -   Model: microsoft/mdeberta-v3-base
2025-10-10 08:26:34,850 - INFO -   Batch Size: 8
2025-10-10 08:26:34,850 - INFO -   Gradient Accumulation: 2
2025-10-10 08:26:34,850 - INFO -   Effective Batch Size: 16
2025-10-10 08:26:34,850 - INFO -   Learning Rate: 1.5e-05
2025-10-10 08:26:34,850 - INFO -   LR Scheduler: cosine
2025-10-10 08:26:34,850 - INFO -   Epochs: 8
2025-10-10 08:26:34,850 - INFO -   Max Length: 384
2025-10-10 08:26:34,850 - INFO -   Label Smoothing: 0.1
2025-10-10 08:26:34,851 - INFO -   Use K-Fold: True
2025-10-10 08:26:34,851 - INFO -   N Folds: 5
2025-10-10 08:26:34,851 - INFO -   FP16: True
2025-10-10 08:26:35,058 - INFO -   Device: Tesla V100-SXM2-32GB
2025-10-10 08:26:35,059 - INFO - Loading data...
2025-10-10 08:26:35,153 - INFO - Train size: 6251
2025-10-10 08:26:35,153 - INFO - Test size: 300
2025-10-10 08:26:35,161 - INFO - Train label distribution:
label
cultural exclusive         2691
cultural agnostic          1872
cultural representative    1688
Name: count, dtype: int64
2025-10-10 08:26:35,186 - INFO - 
📚 Loading tokenizer: microsoft/mdeberta-v3-base
2025-10-10 08:27:11,224 - INFO - 
======================================================================
2025-10-10 08:27:11,227 - INFO - Starting 5-Fold Cross-Validation
2025-10-10 08:27:11,227 - INFO - ======================================================================
2025-10-10 08:27:11,238 - INFO - Class weights: [1.113069772720337, 0.7743093967437744, 1.234399676322937]
2025-10-10 08:27:11,264 - INFO - 
======================================================================
2025-10-10 08:27:11,265 - INFO - Training Fold 1/5
2025-10-10 08:27:11,265 - INFO - ======================================================================
2025-10-10 08:27:11,283 - INFO - Fold 1 - Train: 5000, Val: 1251
2025-10-10 08:27:11,289 - INFO - Train label distribution:
label
cultural exclusive         2152
cultural agnostic          1497
cultural representative    1351
Name: count, dtype: int64
2025-10-10 08:27:47,234 - INFO - Starting training for fold 1...
2025-10-10 08:50:40,673 - INFO - Training completed. Final loss: 0.4849
2025-10-10 08:50:40,675 - INFO - Evaluating fold 1...
2025-10-10 08:50:49,779 - INFO - 
Fold 1 Results:
2025-10-10 08:50:49,781 - INFO - --------------------------------------------------
2025-10-10 08:50:49,781 - INFO -   epoch                         : 7.9900
2025-10-10 08:50:49,782 - INFO -   eval_accuracy                 : 0.8010
2025-10-10 08:50:49,783 - INFO -   eval_f1_cultural_agnostic     : 0.8816
2025-10-10 08:50:49,783 - INFO -   eval_f1_cultural_exclusive    : 0.8141
2025-10-10 08:50:49,783 - INFO -   eval_f1_cultural_representative: 0.6877
2025-10-10 08:50:49,784 - INFO -   eval_f1_macro                 : 0.7945
2025-10-10 08:50:49,784 - INFO -   eval_f1_weighted              : 0.8003
2025-10-10 08:50:49,784 - INFO -   eval_precision_cultural_agnostic: 0.8701
2025-10-10 08:50:49,785 - INFO -   eval_precision_cultural_exclusive: 0.8156
2025-10-10 08:50:49,785 - INFO -   eval_precision_cultural_representative: 0.6960
2025-10-10 08:50:49,786 - INFO -   eval_precision_macro          : 0.7939
2025-10-10 08:50:49,786 - INFO -   eval_recall_cultural_agnostic : 0.8933
2025-10-10 08:50:49,786 - INFO -   eval_recall_cultural_exclusive: 0.8126
2025-10-10 08:50:49,787 - INFO -   eval_recall_cultural_representative: 0.6795
2025-10-10 08:50:49,787 - INFO -   eval_recall_macro             : 0.7952
2025-10-10 08:50:49,787 - INFO -   eval_runtime                  : 9.0828
2025-10-10 08:50:49,788 - INFO -   eval_samples_per_second       : 137.7320
2025-10-10 08:50:49,788 - INFO -   eval_steps_per_second         : 8.6980
2025-10-10 08:50:59,095 - INFO - 
Confusion Matrix for Fold 1:
2025-10-10 08:50:59,098 - INFO - 
[[335  17  23]
 [ 32 229  76]
 [ 18  83 438]]
2025-10-10 08:50:59,099 - INFO - 
Classification Report for Fold 1:
2025-10-10 08:50:59,112 - INFO - 
                         precision    recall  f1-score   support

      cultural agnostic       0.87      0.89      0.88       375
cultural representative       0.70      0.68      0.69       337
     cultural exclusive       0.82      0.81      0.81       539

               accuracy                           0.80      1251
              macro avg       0.79      0.80      0.79      1251
           weighted avg       0.80      0.80      0.80      1251

2025-10-10 08:51:08,549 - INFO - Model saved to ./results/fold_1_model
2025-10-10 08:51:15,386 - INFO - 
======================================================================
2025-10-10 08:51:15,387 - INFO - Training Fold 2/5
2025-10-10 08:51:15,387 - INFO - ======================================================================
2025-10-10 08:51:15,414 - INFO - Fold 2 - Train: 5001, Val: 1250
2025-10-10 08:51:15,425 - INFO - Train label distribution:
label
cultural exclusive         2153
cultural agnostic          1498
cultural representative    1350
Name: count, dtype: int64
2025-10-10 08:51:31,784 - INFO - Starting training for fold 2...
2025-10-10 09:12:58,306 - INFO - Training completed. Final loss: 0.4927
2025-10-10 09:12:58,308 - INFO - Evaluating fold 2...
2025-10-10 09:13:07,677 - INFO - 
Fold 2 Results:
2025-10-10 09:13:07,679 - INFO - --------------------------------------------------
2025-10-10 09:13:07,679 - INFO -   epoch                         : 8.0000
2025-10-10 09:13:07,680 - INFO -   eval_accuracy                 : 0.8048
2025-10-10 09:13:07,680 - INFO -   eval_f1_cultural_agnostic     : 0.9003
2025-10-10 09:13:07,681 - INFO -   eval_f1_cultural_exclusive    : 0.8126
2025-10-10 09:13:07,681 - INFO -   eval_f1_cultural_representative: 0.6875
2025-10-10 09:13:07,681 - INFO -   eval_f1_macro                 : 0.8001
2025-10-10 09:13:07,682 - INFO -   eval_f1_weighted              : 0.8050
2025-10-10 09:13:07,682 - INFO -   eval_precision_cultural_agnostic: 0.8627
2025-10-10 09:13:07,682 - INFO -   eval_precision_cultural_exclusive: 0.8655
2025-10-10 09:13:07,683 - INFO -   eval_precision_cultural_representative: 0.6612
2025-10-10 09:13:07,683 - INFO -   eval_precision_macro          : 0.7965
2025-10-10 09:13:07,683 - INFO -   eval_recall_cultural_agnostic : 0.9412
2025-10-10 09:13:07,684 - INFO -   eval_recall_cultural_exclusive: 0.7658
2025-10-10 09:13:07,684 - INFO -   eval_recall_cultural_representative: 0.7160
2025-10-10 09:13:07,684 - INFO -   eval_recall_macro             : 0.8077
2025-10-10 09:13:07,685 - INFO -   eval_runtime                  : 9.3475
2025-10-10 09:13:07,685 - INFO -   eval_samples_per_second       : 133.7260
2025-10-10 09:13:07,686 - INFO -   eval_steps_per_second         : 8.4510
2025-10-10 09:13:16,801 - INFO - 
Confusion Matrix for Fold 2:
2025-10-10 09:13:16,804 - INFO - 
[[352  20   2]
 [ 34 242  62]
 [ 22 104 412]]
2025-10-10 09:13:16,804 - INFO - 
Classification Report for Fold 2:
2025-10-10 09:13:16,816 - INFO - 
                         precision    recall  f1-score   support

      cultural agnostic       0.86      0.94      0.90       374
cultural representative       0.66      0.72      0.69       338
     cultural exclusive       0.87      0.77      0.81       538

               accuracy                           0.80      1250
              macro avg       0.80      0.81      0.80      1250
           weighted avg       0.81      0.80      0.81      1250

2025-10-10 09:13:24,358 - INFO - Model saved to ./results/fold_2_model
2025-10-10 09:13:30,466 - INFO - 
======================================================================
2025-10-10 09:13:30,466 - INFO - Training Fold 3/5
2025-10-10 09:13:30,467 - INFO - ======================================================================
2025-10-10 09:13:30,486 - INFO - Fold 3 - Train: 5001, Val: 1250
2025-10-10 09:13:30,494 - INFO - Train label distribution:
label
cultural exclusive         2153
cultural agnostic          1498
cultural representative    1350
Name: count, dtype: int64
2025-10-10 09:13:46,133 - INFO - Starting training for fold 3...
2025-10-10 09:31:23,890 - INFO - Training completed. Final loss: 0.5351
2025-10-10 09:31:23,893 - INFO - Evaluating fold 3...
2025-10-10 09:31:33,523 - INFO - 
Fold 3 Results:
2025-10-10 09:31:33,525 - INFO - --------------------------------------------------
2025-10-10 09:31:33,526 - INFO -   epoch                         : 6.0000
2025-10-10 09:31:33,526 - INFO -   eval_accuracy                 : 0.8040
2025-10-10 09:31:33,526 - INFO -   eval_f1_cultural_agnostic     : 0.8886
2025-10-10 09:31:33,527 - INFO -   eval_f1_cultural_exclusive    : 0.8134
2025-10-10 09:31:33,527 - INFO -   eval_f1_cultural_representative: 0.6969
2025-10-10 09:31:33,527 - INFO -   eval_f1_macro                 : 0.7996
2025-10-10 09:31:33,528 - INFO -   eval_f1_weighted              : 0.8044
2025-10-10 09:31:33,528 - INFO -   eval_precision_cultural_agnostic: 0.8526
2025-10-10 09:31:33,528 - INFO -   eval_precision_cultural_exclusive: 0.8674
2025-10-10 09:31:33,529 - INFO -   eval_precision_cultural_representative: 0.6685
2025-10-10 09:31:33,529 - INFO -   eval_precision_macro          : 0.7961
2025-10-10 09:31:33,529 - INFO -   eval_recall_cultural_agnostic : 0.9278
2025-10-10 09:31:33,530 - INFO -   eval_recall_cultural_exclusive: 0.7658
2025-10-10 09:31:33,530 - INFO -   eval_recall_cultural_representative: 0.7278
2025-10-10 09:31:33,531 - INFO -   eval_recall_macro             : 0.8071
2025-10-10 09:31:33,531 - INFO -   eval_runtime                  : 9.6100
2025-10-10 09:31:33,531 - INFO -   eval_samples_per_second       : 130.0730
2025-10-10 09:31:33,532 - INFO -   eval_steps_per_second         : 8.2210
2025-10-10 09:31:42,888 - INFO - 
Confusion Matrix for Fold 3:
2025-10-10 09:31:42,891 - INFO - 
[[347  19   8]
 [ 37 246  55]
 [ 23 103 412]]
2025-10-10 09:31:42,892 - INFO - 
Classification Report for Fold 3:
2025-10-10 09:31:42,904 - INFO - 
                         precision    recall  f1-score   support

      cultural agnostic       0.85      0.93      0.89       374
cultural representative       0.67      0.73      0.70       338
     cultural exclusive       0.87      0.77      0.81       538

               accuracy                           0.80      1250
              macro avg       0.80      0.81      0.80      1250
           weighted avg       0.81      0.80      0.80      1250

2025-10-10 09:31:50,606 - INFO - Model saved to ./results/fold_3_model
2025-10-10 09:31:56,023 - INFO - 
======================================================================
2025-10-10 09:31:56,023 - INFO - Training Fold 4/5
2025-10-10 09:31:56,024 - INFO - ======================================================================
2025-10-10 09:31:56,048 - INFO - Fold 4 - Train: 5001, Val: 1250
2025-10-10 09:31:56,059 - INFO - Train label distribution:
label
cultural exclusive         2153
cultural agnostic          1498
cultural representative    1350
Name: count, dtype: int64
2025-10-10 09:32:11,015 - INFO - Starting training for fold 4...
2025-10-10 09:52:25,074 - INFO - Training completed. Final loss: 0.5115
2025-10-10 09:52:25,076 - INFO - Evaluating fold 4...
2025-10-10 09:52:34,723 - INFO - 
Fold 4 Results:
2025-10-10 09:52:34,725 - INFO - --------------------------------------------------
2025-10-10 09:52:34,725 - INFO -   epoch                         : 7.0000
2025-10-10 09:52:34,726 - INFO -   eval_accuracy                 : 0.8008
2025-10-10 09:52:34,726 - INFO -   eval_f1_cultural_agnostic     : 0.8742
2025-10-10 09:52:34,727 - INFO -   eval_f1_cultural_exclusive    : 0.8236
2025-10-10 09:52:34,727 - INFO -   eval_f1_cultural_representative: 0.6900
2025-10-10 09:52:34,727 - INFO -   eval_f1_macro                 : 0.7960
2025-10-10 09:52:34,728 - INFO -   eval_f1_weighted              : 0.8026
2025-10-10 09:52:34,728 - INFO -   eval_precision_cultural_agnostic: 0.8661
2025-10-10 09:52:34,728 - INFO -   eval_precision_cultural_exclusive: 0.8603
2025-10-10 09:52:34,729 - INFO -   eval_precision_cultural_representative: 0.6560
2025-10-10 09:52:34,729 - INFO -   eval_precision_macro          : 0.7942
2025-10-10 09:52:34,730 - INFO -   eval_recall_cultural_agnostic : 0.8824
2025-10-10 09:52:34,730 - INFO -   eval_recall_cultural_exclusive: 0.7900
2025-10-10 09:52:34,730 - INFO -   eval_recall_cultural_representative: 0.7278
2025-10-10 09:52:34,731 - INFO -   eval_recall_macro             : 0.8000
2025-10-10 09:52:34,731 - INFO -   eval_runtime                  : 9.6265
2025-10-10 09:52:34,731 - INFO -   eval_samples_per_second       : 129.8500
2025-10-10 09:52:34,732 - INFO -   eval_steps_per_second         : 8.2060
2025-10-10 09:52:44,383 - INFO - 
Confusion Matrix for Fold 4:
2025-10-10 09:52:44,386 - INFO - 
[[330  33  11]
 [ 34 246  58]
 [ 17  96 425]]
2025-10-10 09:52:44,387 - INFO - 
Classification Report for Fold 4:
2025-10-10 09:52:44,400 - INFO - 
                         precision    recall  f1-score   support

      cultural agnostic       0.87      0.88      0.87       374
cultural representative       0.66      0.73      0.69       338
     cultural exclusive       0.86      0.79      0.82       538

               accuracy                           0.80      1250
              macro avg       0.79      0.80      0.80      1250
           weighted avg       0.81      0.80      0.80      1250

2025-10-10 09:52:52,104 - INFO - Model saved to ./results/fold_4_model
2025-10-10 09:52:57,591 - INFO - 
======================================================================
2025-10-10 09:52:57,592 - INFO - Training Fold 5/5
2025-10-10 09:52:57,592 - INFO - ======================================================================
2025-10-10 09:52:57,616 - INFO - Fold 5 - Train: 5001, Val: 1250
2025-10-10 09:52:57,626 - INFO - Train label distribution:
label
cultural exclusive         2153
cultural agnostic          1497
cultural representative    1351
Name: count, dtype: int64
2025-10-10 09:53:12,342 - INFO - Starting training for fold 5...
2025-10-10 10:12:20,169 - INFO - Training completed. Final loss: 0.5166
2025-10-10 10:12:20,171 - INFO - Evaluating fold 5...
2025-10-10 10:12:29,174 - INFO - 
Fold 5 Results:
2025-10-10 10:12:29,177 - INFO - --------------------------------------------------
2025-10-10 10:12:29,177 - INFO -   epoch                         : 7.0000
2025-10-10 10:12:29,177 - INFO -   eval_accuracy                 : 0.8128
2025-10-10 10:12:29,178 - INFO -   eval_f1_cultural_agnostic     : 0.8945
2025-10-10 10:12:29,178 - INFO -   eval_f1_cultural_exclusive    : 0.8295
2025-10-10 10:12:29,179 - INFO -   eval_f1_cultural_representative: 0.6936
2025-10-10 10:12:29,179 - INFO -   eval_f1_macro                 : 0.8058
2025-10-10 10:12:29,179 - INFO -   eval_f1_weighted              : 0.8123
2025-10-10 10:12:29,180 - INFO -   eval_precision_cultural_agnostic: 0.8851
2025-10-10 10:12:29,180 - INFO -   eval_precision_cultural_exclusive: 0.8318
2025-10-10 10:12:29,180 - INFO -   eval_precision_cultural_representative: 0.6988
2025-10-10 10:12:29,181 - INFO -   eval_precision_macro          : 0.8052
2025-10-10 10:12:29,181 - INFO -   eval_recall_cultural_agnostic : 0.9040
2025-10-10 10:12:29,181 - INFO -   eval_recall_cultural_exclusive: 0.8271
2025-10-10 10:12:29,182 - INFO -   eval_recall_cultural_representative: 0.6884
2025-10-10 10:12:29,182 - INFO -   eval_recall_macro             : 0.8065
2025-10-10 10:12:29,182 - INFO -   eval_runtime                  : 8.9822
2025-10-10 10:12:29,182 - INFO -   eval_samples_per_second       : 139.1640
2025-10-10 10:12:29,183 - INFO -   eval_steps_per_second         : 8.7950
2025-10-10 10:12:38,692 - INFO - 
Confusion Matrix for Fold 5:
2025-10-10 10:12:38,695 - INFO - 
[[339  21  15]
 [ 30 232  75]
 [ 14  79 445]]
2025-10-10 10:12:38,696 - INFO - 
Classification Report for Fold 5:
2025-10-10 10:12:38,708 - INFO - 
                         precision    recall  f1-score   support

      cultural agnostic       0.89      0.90      0.89       375
cultural representative       0.70      0.69      0.69       337
     cultural exclusive       0.83      0.83      0.83       538

               accuracy                           0.81      1250
              macro avg       0.81      0.81      0.81      1250
           weighted avg       0.81      0.81      0.81      1250

2025-10-10 10:12:45,283 - INFO - Model saved to ./results/fold_5_model
2025-10-10 10:12:52,019 - INFO - 
======================================================================
2025-10-10 10:12:52,021 - INFO - K-Fold Cross-Validation Summary
2025-10-10 10:12:52,021 - INFO - ======================================================================
2025-10-10 10:12:52,023 - INFO - eval_accuracy                 : 0.8047 ± 0.0044
2025-10-10 10:12:52,024 - INFO - eval_f1_macro                 : 0.7992 ± 0.0039
2025-10-10 10:12:52,024 - INFO - eval_f1_weighted              : 0.8049 ± 0.0040
2025-10-10 10:12:52,025 - INFO - eval_precision_macro          : 0.7972 ± 0.0041
2025-10-10 10:12:52,025 - INFO - eval_recall_macro             : 0.8033 ± 0.0049
2025-10-10 10:12:52,026 - INFO - eval_f1_cultural_agnostic     : 0.8878 ± 0.0092
2025-10-10 10:12:52,026 - INFO - eval_precision_cultural_agnostic: 0.8673 ± 0.0106
2025-10-10 10:12:52,027 - INFO - eval_recall_cultural_agnostic : 0.9097 ± 0.0218
2025-10-10 10:12:52,027 - INFO - eval_f1_cultural_representative: 0.6911 ± 0.0036
2025-10-10 10:12:52,027 - INFO - eval_precision_cultural_representative: 0.6761 ± 0.0179
2025-10-10 10:12:52,028 - INFO - eval_recall_cultural_representative: 0.7079 ± 0.0202
2025-10-10 10:12:52,028 - INFO - eval_f1_cultural_exclusive    : 0.8187 ± 0.0067
2025-10-10 10:12:52,029 - INFO - eval_precision_cultural_exclusive: 0.8481 ± 0.0207
2025-10-10 10:12:52,029 - INFO - eval_recall_cultural_exclusive: 0.7923 ± 0.0246
2025-10-10 10:12:52,030 - INFO - eval_runtime                  : 9.3298 ± 0.2641
2025-10-10 10:12:52,030 - INFO - eval_samples_per_second       : 134.1090 ± 3.8276
2025-10-10 10:12:52,030 - INFO - eval_steps_per_second         : 8.4742 ± 0.2407
2025-10-10 10:12:52,031 - INFO - epoch                         : 7.1980 ± 0.7462
2025-10-10 10:12:52,036 - INFO - 
🏆 Best Fold: 5 with F1 Macro: 0.8058
2025-10-10 10:12:52,036 - INFO - 
💾 Saving best model to ./best_model
2025-10-10 10:12:58,215 - INFO - 
======================================================================
2025-10-10 10:12:58,216 - INFO - Generating predictions for test set...
2025-10-10 10:12:58,216 - INFO - ======================================================================
2025-10-10 10:13:03,576 - INFO - ✅ Predictions saved to ./results/test_predictions_20251010_101303.csv
2025-10-10 10:13:03,577 - INFO - 
📊 Prediction Statistics:
2025-10-10 10:13:03,577 - INFO - --------------------------------------------------
2025-10-10 10:13:03,577 - INFO - 
Prediction distribution:
2025-10-10 10:13:03,581 - INFO - predicted_label
cultural agnostic          125
cultural representative     92
cultural exclusive          83
Name: count, dtype: int64
2025-10-10 10:13:03,583 - INFO - 
Confidence statistics:
2025-10-10 10:13:03,585 - INFO -   Mean: 0.8671
2025-10-10 10:13:03,586 - INFO -   Std:  0.1227
2025-10-10 10:13:03,587 - INFO -   Min:  0.4836
2025-10-10 10:13:03,587 - INFO -   Max:  0.9715
2025-10-10 10:13:03,590 - INFO - 
⚠️  Low confidence predictions (< 0.6): 20
2025-10-10 10:13:03,594 - INFO - 
======================================================================
2025-10-10 10:13:03,594 - INFO - ✅ Training Complete!
2025-10-10 10:13:03,594 - INFO - ======================================================================
2025-10-10 10:13:03,594 - INFO - 📁 Best model saved to: ./best_model
2025-10-10 10:13:03,595 - INFO - 📊 Test predictions saved to: ./results/test_predictions_*.csv
2025-10-10 10:13:03,595 - INFO - 📝 Training logs saved to: training.log
2025-10-10 10:13:03,595 - INFO - 📈 K-Fold summary saved to: ./results/kfold_summary.json
2025-10-10 10:13:03,595 - INFO - ======================================================================
