2025-10-10 10:23:16,928 - INFO - ======================================================================
2025-10-10 10:23:16,929 - INFO -  Cultural Classification Inference Pipeline
2025-10-10 10:23:16,929 - INFO - ======================================================================
2025-10-10 10:23:16,930 - INFO - 
 Loading test data from: test.csv
2025-10-10 10:23:16,950 - INFO -  Loaded 300 test samples
2025-10-10 10:23:16,951 - INFO - 
 Using ensemble of 5 models
2025-10-10 10:23:16,951 - INFO - Loading ensemble of 5 models...
2025-10-10 10:26:29,892 - INFO - ======================================================================
2025-10-10 10:26:29,893 - INFO -  Cultural Classification Inference Pipeline
2025-10-10 10:26:29,893 - INFO - ======================================================================
2025-10-10 10:26:29,893 - INFO - 
 Loading test data from: test.csv
2025-10-10 10:26:29,911 - INFO -  Loaded 300 test samples
2025-10-10 10:26:29,912 - INFO - 
 Using ensemble of 5 models
2025-10-10 10:26:29,912 - INFO - Loading ensemble of 5 models...
2025-10-10 10:26:29,912 - INFO - Using shared tokenizer from: ./best_model
2025-10-10 10:26:33,952 - INFO -  Shared tokenizer loaded
2025-10-10 10:26:44,792 - INFO -    Loaded model 1: ./results/fold_1_model
2025-10-10 10:26:47,988 - INFO -    Loaded model 2: ./results/fold_2_model
2025-10-10 10:26:51,043 - INFO -    Loaded model 3: ./results/fold_3_model
2025-10-10 10:26:54,125 - INFO -    Loaded model 4: ./results/fold_4_model
2025-10-10 10:26:57,227 - INFO -    Loaded model 5: ./results/fold_5_model
2025-10-10 10:26:57,233 - INFO -  Successfully loaded 5 models
2025-10-10 10:26:57,233 - INFO - Ensemble method: weighted
2025-10-10 10:26:57,236 - INFO - Ensemble weights: [0.2 0.2 0.2 0.2 0.2]
2025-10-10 10:26:57,236 - INFO - 
 Starting predictions...
2025-10-10 10:26:57,237 - INFO - Ensemble predicting for 300 samples...
2025-10-10 10:27:00,769 - INFO - 
 Full predictions saved to: ./predictions/predictions_20251010_102629.csv
2025-10-10 10:27:00,780 - INFO -  Submission file saved to: ./predictions/submission_20251010_102629.csv
2025-10-10 10:27:00,780 - INFO - 
======================================================================
2025-10-10 10:27:00,780 - INFO -  Generating Analysis
2025-10-10 10:27:00,780 - INFO - ======================================================================
2025-10-10 10:27:00,780 - INFO - 
1⃣ Basic Statistics:
2025-10-10 10:27:00,781 - INFO - --------------------------------------------------
2025-10-10 10:27:00,784 - INFO - 
Prediction Distribution:
2025-10-10 10:27:00,784 - INFO -   cultural agnostic             :  128 (42.67%)
2025-10-10 10:27:00,784 - INFO -   cultural representative       :   98 (32.67%)
2025-10-10 10:27:00,784 - INFO -   cultural exclusive            :   74 (24.67%)
2025-10-10 10:27:00,784 - INFO - 
2⃣ Confidence Analysis:
2025-10-10 10:27:00,785 - INFO - --------------------------------------------------
2025-10-10 10:27:00,792 - INFO -   mean      : 0.8556
2025-10-10 10:27:00,793 - INFO -   std       : 0.1328
2025-10-10 10:27:00,793 - INFO -   min       : 0.3861
2025-10-10 10:27:00,793 - INFO -   max       : 0.9602
2025-10-10 10:27:00,793 - INFO -   median    : 0.9221
2025-10-10 10:27:00,793 - INFO -   q25       : 0.8135
2025-10-10 10:27:00,793 - INFO -   q75       : 0.9453
2025-10-10 10:27:00,793 - INFO - 
3⃣ Confidence by Predicted Class:
2025-10-10 10:27:00,793 - INFO - --------------------------------------------------
2025-10-10 10:27:00,797 - INFO -   cultural exclusive            : 0.8493 ± 0.1474 (n=74)
2025-10-10 10:27:00,798 - INFO -   cultural representative       : 0.8002 ± 0.1426 (n=98)
2025-10-10 10:27:00,800 - INFO -   cultural agnostic             : 0.9016 ± 0.0949 (n=128)
2025-10-10 10:27:00,800 - INFO - 
4⃣ Low Confidence Predictions:
2025-10-10 10:27:00,800 - INFO - --------------------------------------------------
2025-10-10 10:27:00,801 - INFO -   Confidence < 0.5:    6 (  2.0%)
2025-10-10 10:27:00,801 - INFO -   Confidence < 0.6:   24 (  8.0%)
2025-10-10 10:27:00,802 - INFO -   Confidence < 0.7:   45 ( 15.0%)
2025-10-10 10:27:00,803 - INFO -   Confidence < 0.8:   74 ( 24.7%)
2025-10-10 10:27:00,803 - INFO - 
5⃣ Top Categories by Prediction:
2025-10-10 10:27:00,803 - INFO - --------------------------------------------------
2025-10-10 10:27:00,806 - INFO - 
  literature (n=20):
2025-10-10 10:27:00,806 - INFO -     cultural representative: 8
2025-10-10 10:27:00,806 - INFO -     cultural agnostic: 8
2025-10-10 10:27:00,806 - INFO -     cultural exclusive: 4
2025-10-10 10:27:00,807 - INFO - 
  fashion (n=17):
2025-10-10 10:27:00,807 - INFO -     cultural representative: 9
2025-10-10 10:27:00,808 - INFO -     cultural agnostic: 7
2025-10-10 10:27:00,808 - INFO -     cultural exclusive: 1
2025-10-10 10:27:00,809 - INFO - 
  comics and anime (n=17):
2025-10-10 10:27:00,809 - INFO -     cultural representative: 12
2025-10-10 10:27:00,809 - INFO -     cultural agnostic: 5
2025-10-10 10:27:00,810 - INFO - 
  food (n=17):
2025-10-10 10:27:00,810 - INFO -     cultural representative: 7
2025-10-10 10:27:00,810 - INFO -     cultural agnostic: 7
2025-10-10 10:27:00,810 - INFO -     cultural exclusive: 3
2025-10-10 10:27:00,811 - INFO - 
  philosophy and religion (n=17):
2025-10-10 10:27:00,812 - INFO -     cultural agnostic: 8
2025-10-10 10:27:00,812 - INFO -     cultural representative: 6
2025-10-10 10:27:00,812 - INFO -     cultural exclusive: 3
2025-10-10 10:27:00,813 - INFO - 
  visual arts (n=17):
2025-10-10 10:27:00,813 - INFO -     cultural agnostic: 8
2025-10-10 10:27:00,813 - INFO -     cultural representative: 7
2025-10-10 10:27:00,813 - INFO -     cultural exclusive: 2
2025-10-10 10:27:00,814 - INFO - 
  music (n=16):
2025-10-10 10:27:00,814 - INFO -     cultural agnostic: 8
2025-10-10 10:27:00,815 - INFO -     cultural exclusive: 5
2025-10-10 10:27:00,815 - INFO -     cultural representative: 3
2025-10-10 10:27:00,816 - INFO - 
  media (n=16):
2025-10-10 10:27:00,816 - INFO -     cultural representative: 7
2025-10-10 10:27:00,816 - INFO -     cultural agnostic: 6
2025-10-10 10:27:00,816 - INFO -     cultural exclusive: 3
2025-10-10 10:27:00,817 - INFO - 
  biology (n=16):
2025-10-10 10:27:00,817 - INFO -     cultural agnostic: 13
2025-10-10 10:27:00,817 - INFO -     cultural exclusive: 2
2025-10-10 10:27:00,817 - INFO -     cultural representative: 1
2025-10-10 10:27:00,818 - INFO - 
  performing arts (n=16):
2025-10-10 10:27:00,819 - INFO -     cultural representative: 7
2025-10-10 10:27:00,819 - INFO -     cultural agnostic: 6
2025-10-10 10:27:00,819 - INFO -     cultural exclusive: 3
2025-10-10 10:27:00,819 - INFO - 
6⃣ Predictions by Type:
2025-10-10 10:27:00,819 - INFO - --------------------------------------------------
2025-10-10 10:27:00,821 - INFO - 
  concept (n=152):
2025-10-10 10:27:00,821 - INFO -     cultural agnostic: 106
2025-10-10 10:27:00,821 - INFO -     cultural representative: 33
2025-10-10 10:27:00,821 - INFO -     cultural exclusive: 13
2025-10-10 10:27:00,822 - INFO - 
  entity (n=148):
2025-10-10 10:27:00,822 - INFO -     cultural representative: 65
2025-10-10 10:27:00,822 - INFO -     cultural exclusive: 61
2025-10-10 10:27:00,823 - INFO -     cultural agnostic: 22
2025-10-10 10:27:00,823 - INFO - 
7⃣ Most Confident Predictions (Top 10):
2025-10-10 10:27:00,823 - INFO - --------------------------------------------------
2025-10-10 10:27:00,831 - INFO -   Rietheim                                      → cultural exclusive             (0.9602)
2025-10-10 10:27:00,831 - INFO -   Singer House                                  → cultural exclusive             (0.9602)
2025-10-10 10:27:00,831 - INFO -   Rossens                                       → cultural exclusive             (0.9597)
2025-10-10 10:27:00,831 - INFO -   Baselland Transport                           → cultural exclusive             (0.9596)
2025-10-10 10:27:00,832 - INFO -   Biblioteca Ambrosiana                         → cultural exclusive             (0.9592)
2025-10-10 10:27:00,832 - INFO -   Bassecourt                                    → cultural exclusive             (0.9591)
2025-10-10 10:27:00,832 - INFO -   Baldegg railway station                       → cultural exclusive             (0.9588)
2025-10-10 10:27:00,832 - INFO -   Emmenbrücke Gersag railway station            → cultural exclusive             (0.9588)
2025-10-10 10:27:00,832 - INFO -   Würzburg Residence                            → cultural exclusive             (0.9586)
2025-10-10 10:27:00,833 - INFO -   Aarwangen Castle                              → cultural exclusive             (0.9586)
2025-10-10 10:27:00,833 - INFO - 
8⃣ Least Confident Predictions (Bottom 10):
2025-10-10 10:27:00,833 - INFO - --------------------------------------------------
2025-10-10 10:27:00,836 - INFO -   European political party                      → cultural representative        (0.3861)
2025-10-10 10:27:00,836 - INFO -   alcazaba                                      → cultural representative        (0.3897)
2025-10-10 10:27:00,837 - INFO -   Intercontinental Champions' Supercup          → cultural exclusive             (0.4056)
2025-10-10 10:27:00,837 - INFO -   South Korea                                   → cultural exclusive             (0.4431)
2025-10-10 10:27:00,837 - INFO -   Baltic song festivals                         → cultural exclusive             (0.4765)
2025-10-10 10:27:00,837 - INFO -   Wanderer                                      → cultural representative        (0.4998)
2025-10-10 10:27:00,837 - INFO -   ladyfinger                                    → cultural representative        (0.5031)
2025-10-10 10:27:00,838 - INFO -   Shakespeare and Company                       → cultural representative        (0.5097)
2025-10-10 10:27:00,838 - INFO -   Shepperton Studios                            → cultural agnostic              (0.5102)
2025-10-10 10:27:00,838 - INFO -   Karl Landsteiner                              → cultural representative        (0.5126)
2025-10-10 10:27:00,839 - INFO - 
 Analysis saved to: ./predictions/analysis_summary.json
2025-10-10 10:27:00,843 - INFO -  Low confidence predictions saved to: ./predictions/low_confidence_20251010_102629.csv
2025-10-10 10:27:00,858 - INFO -  Per-class predictions saved
2025-10-10 10:27:00,858 - INFO - 
======================================================================
2025-10-10 10:27:00,858 - INFO -  Inference Complete!
2025-10-10 10:27:00,858 - INFO - ======================================================================
2025-10-10 10:27:00,858 - INFO -  Total predictions: 300
2025-10-10 10:27:00,858 - INFO -  Mean confidence: 0.8556
2025-10-10 10:27:00,858 - INFO -  Results saved to: ./predictions/
2025-10-10 10:27:00,859 - INFO -  Main files:
2025-10-10 10:27:00,859 - INFO -    - predictions_20251010_102629.csv (full results)
2025-10-10 10:27:00,859 - INFO -    - submission_20251010_102629.csv (submission format)
2025-10-10 10:27:00,859 - INFO -    - analysis_summary.json (detailed statistics)
2025-10-10 10:27:00,859 - INFO - ======================================================================
