2025-10-10 10:51:35,685 - INFO - ======================================================================
2025-10-10 10:51:35,686 - INFO - 🚀 ENHANCED Cultural Classification Training
2025-10-10 10:51:35,686 - INFO - ======================================================================
2025-10-10 10:51:35,686 - INFO - 
📋 Configuration:
2025-10-10 10:51:35,686 - INFO -   Model: microsoft/deberta-v3-large
2025-10-10 10:51:35,686 - INFO -   Batch Size: 4
2025-10-10 10:51:35,686 - INFO -   Gradient Accumulation: 4
2025-10-10 10:51:35,687 - INFO -   Effective Batch Size: 16
2025-10-10 10:51:35,687 - INFO -   Learning Rate: 8e-06
2025-10-10 10:51:35,687 - INFO -   LR Scheduler: cosine_with_restarts
2025-10-10 10:51:35,687 - INFO -   Epochs: 12
2025-10-10 10:51:35,687 - INFO -   Max Length: 512
2025-10-10 10:51:35,687 - INFO -   Focal Loss: True
2025-10-10 10:51:35,687 - INFO -   FP16: True
2025-10-10 10:51:35,899 - INFO -   Device: Tesla V100-SXM2-32GB
2025-10-10 10:51:35,901 - INFO - Loading augmented data...
2025-10-10 10:51:36,010 - INFO - Train size: 6251
2025-10-10 10:51:36,011 - INFO - Test size: 300
2025-10-10 10:51:36,018 - INFO - Train label distribution:
label
cultural exclusive         2691
cultural agnostic          1872
cultural representative    1688
Name: count, dtype: int64
2025-10-10 10:51:36,020 - INFO - Wikipedia data found: 45/6251 (0.7%)
2025-10-10 10:51:36,032 - INFO - 
📚 Loading tokenizer: microsoft/deberta-v3-large
2025-10-10 10:52:00,667 - INFO - 
======================================================================
2025-10-10 10:52:00,669 - INFO - Starting 5-Fold Cross-Validation
2025-10-10 10:52:00,669 - INFO - ======================================================================
2025-10-10 10:52:00,681 - INFO - Class weights: [1.113069772720337, 0.7743093967437744, 1.234399676322937]
2025-10-10 10:52:00,707 - INFO - 
======================================================================
2025-10-10 10:52:00,708 - INFO - Training Fold 1/5
2025-10-10 10:52:00,708 - INFO - ======================================================================
2025-10-10 10:52:00,730 - INFO - Fold 1 - Train: 5000, Val: 1251
2025-10-10 10:52:00,735 - INFO - Train label distribution:
label
cultural exclusive         2152
cultural agnostic          1497
cultural representative    1351
Name: count, dtype: int64
2025-10-10 10:52:42,595 - INFO - Starting training for fold 1...
2025-10-10 11:01:49,109 - INFO - ======================================================================
2025-10-10 11:01:49,110 - INFO - 🚀 ENHANCED Cultural Classification Training
2025-10-10 11:01:49,111 - INFO - ======================================================================
2025-10-10 11:01:49,111 - INFO - 
📋 Configuration:
2025-10-10 11:01:49,111 - INFO -   Model: microsoft/deberta-v3-large
2025-10-10 11:01:49,111 - INFO -   Batch Size: 4
2025-10-10 11:01:49,111 - INFO -   Gradient Accumulation: 4
2025-10-10 11:01:49,111 - INFO -   Effective Batch Size: 16
2025-10-10 11:01:49,111 - INFO -   Learning Rate: 8e-06
2025-10-10 11:01:49,111 - INFO -   LR Scheduler: cosine_with_restarts
2025-10-10 11:01:49,111 - INFO -   Epochs: 12
2025-10-10 11:01:49,111 - INFO -   Max Length: 512
2025-10-10 11:01:49,111 - INFO -   Focal Loss: True
2025-10-10 11:01:49,112 - INFO -   FP16: True
2025-10-10 11:01:49,322 - INFO -   Device: Tesla V100-SXM2-32GB
2025-10-10 11:01:49,324 - INFO - Loading augmented data...
2025-10-10 11:01:49,429 - INFO - Train size: 6251
2025-10-10 11:01:49,429 - INFO - Test size: 300
2025-10-10 11:01:49,437 - INFO - Train label distribution:
label
cultural exclusive         2691
cultural agnostic          1872
cultural representative    1688
Name: count, dtype: int64
2025-10-10 11:01:49,439 - INFO - Wikipedia data found: 45/6251 (0.7%)
2025-10-10 11:01:49,452 - INFO - 
📚 Loading tokenizer: microsoft/deberta-v3-large
2025-10-10 11:02:12,675 - INFO - 
======================================================================
2025-10-10 11:02:12,677 - INFO - Starting 5-Fold Cross-Validation
2025-10-10 11:02:12,677 - INFO - ======================================================================
2025-10-10 11:02:12,690 - INFO - Class weights: [1.113069772720337, 0.7743093967437744, 1.234399676322937]
2025-10-10 11:02:12,717 - INFO - 
======================================================================
2025-10-10 11:02:12,717 - INFO - Training Fold 1/5
2025-10-10 11:02:12,717 - INFO - ======================================================================
2025-10-10 11:02:12,740 - INFO - Fold 1 - Train: 5000, Val: 1251
2025-10-10 11:02:12,745 - INFO - Train label distribution:
label
cultural exclusive         2152
cultural agnostic          1497
cultural representative    1351
Name: count, dtype: int64
2025-10-10 11:02:37,730 - INFO - Starting training for fold 1...
2025-10-10 12:20:22,825 - INFO - Training completed. Final loss: 0.1302
2025-10-10 12:20:22,827 - INFO - Evaluating fold 1...
2025-10-10 12:20:50,204 - INFO - 
Fold 1 Results:
2025-10-10 12:20:50,206 - INFO - --------------------------------------------------
2025-10-10 12:20:50,206 - INFO -   epoch                         : 9.0000
2025-10-10 12:20:50,207 - INFO -   eval_accuracy                 : 0.8441
2025-10-10 12:20:50,207 - INFO -   eval_f1_cultural_agnostic     : 0.9000
2025-10-10 12:20:50,207 - INFO -   eval_f1_cultural_exclusive    : 0.8616
2025-10-10 12:20:50,208 - INFO -   eval_f1_cultural_representative: 0.7552
2025-10-10 12:20:50,208 - INFO -   eval_f1_macro                 : 0.8389
2025-10-10 12:20:50,208 - INFO -   eval_f1_weighted              : 0.8444
2025-10-10 12:20:50,209 - INFO -   eval_precision_cultural_agnostic: 0.9123
2025-10-10 12:20:50,209 - INFO -   eval_precision_cultural_exclusive: 0.8569
2025-10-10 12:20:50,209 - INFO -   eval_precision_cultural_representative: 0.7507
2025-10-10 12:20:50,210 - INFO -   eval_precision_macro          : 0.8400
2025-10-10 12:20:50,210 - INFO -   eval_recall_cultural_agnostic : 0.8880
2025-10-10 12:20:50,210 - INFO -   eval_recall_cultural_exclusive: 0.8664
2025-10-10 12:20:50,211 - INFO -   eval_recall_cultural_representative: 0.7596
2025-10-10 12:20:50,211 - INFO -   eval_recall_macro             : 0.8380
2025-10-10 12:20:50,211 - INFO -   eval_runtime                  : 27.3560
2025-10-10 12:20:50,212 - INFO -   eval_samples_per_second       : 45.7300
2025-10-10 12:20:50,212 - INFO -   eval_steps_per_second         : 5.7390
2025-10-10 12:21:17,686 - INFO - 
Confusion Matrix for Fold 1:
2025-10-10 12:21:17,689 - INFO - 
[[333  26  16]
 [ 19 256  62]
 [ 13  59 467]]
2025-10-10 12:21:17,690 - INFO - 
Classification Report for Fold 1:
2025-10-10 12:21:17,703 - INFO - 
                         precision    recall  f1-score   support

      cultural agnostic       0.91      0.89      0.90       375
cultural representative       0.75      0.76      0.76       337
     cultural exclusive       0.86      0.87      0.86       539

               accuracy                           0.84      1251
              macro avg       0.84      0.84      0.84      1251
           weighted avg       0.84      0.84      0.84      1251

2025-10-10 12:21:28,125 - INFO - Model saved to ./results_enhanced/fold_1_model
2025-10-10 12:21:34,401 - INFO - 
======================================================================
2025-10-10 12:21:34,402 - INFO - Training Fold 2/5
2025-10-10 12:21:34,402 - INFO - ======================================================================
2025-10-10 12:21:34,428 - INFO - Fold 2 - Train: 5001, Val: 1250
2025-10-10 12:21:34,438 - INFO - Train label distribution:
label
cultural exclusive         2153
cultural agnostic          1498
cultural representative    1350
Name: count, dtype: int64
2025-10-10 12:21:53,479 - INFO - Starting training for fold 2...
2025-10-10 13:50:41,294 - INFO - Training completed. Final loss: 0.1140
2025-10-10 13:50:41,296 - INFO - Evaluating fold 2...
2025-10-10 13:51:09,210 - INFO - 
Fold 2 Results:
2025-10-10 13:51:09,212 - INFO - --------------------------------------------------
2025-10-10 13:51:09,212 - INFO -   epoch                         : 10.0000
2025-10-10 13:51:09,212 - INFO -   eval_accuracy                 : 0.8200
2025-10-10 13:51:09,213 - INFO -   eval_f1_cultural_agnostic     : 0.9144
2025-10-10 13:51:09,213 - INFO -   eval_f1_cultural_exclusive    : 0.8243
2025-10-10 13:51:09,214 - INFO -   eval_f1_cultural_representative: 0.7093
2025-10-10 13:51:09,214 - INFO -   eval_f1_macro                 : 0.8160
2025-10-10 13:51:09,214 - INFO -   eval_f1_weighted              : 0.8202
2025-10-10 13:51:09,215 - INFO -   eval_precision_cultural_agnostic: 0.9013
2025-10-10 13:51:09,215 - INFO -   eval_precision_cultural_exclusive: 0.8427
2025-10-10 13:51:09,215 - INFO -   eval_precision_cultural_representative: 0.6971
2025-10-10 13:51:09,216 - INFO -   eval_precision_macro          : 0.8137
2025-10-10 13:51:09,216 - INFO -   eval_recall_cultural_agnostic : 0.9278
2025-10-10 13:51:09,217 - INFO -   eval_recall_cultural_exclusive: 0.8067
2025-10-10 13:51:09,217 - INFO -   eval_recall_cultural_representative: 0.7219
2025-10-10 13:51:09,217 - INFO -   eval_recall_macro             : 0.8188
2025-10-10 13:51:09,218 - INFO -   eval_runtime                  : 27.8921
2025-10-10 13:51:09,218 - INFO -   eval_samples_per_second       : 44.8160
2025-10-10 13:51:09,218 - INFO -   eval_steps_per_second         : 5.6290
2025-10-10 13:51:37,283 - INFO - 
Confusion Matrix for Fold 2:
2025-10-10 13:51:37,286 - INFO - 
[[347  16  11]
 [ 24 244  70]
 [ 14  90 434]]
2025-10-10 13:51:37,286 - INFO - 
Classification Report for Fold 2:
2025-10-10 13:51:37,300 - INFO - 
                         precision    recall  f1-score   support

      cultural agnostic       0.90      0.93      0.91       374
cultural representative       0.70      0.72      0.71       338
     cultural exclusive       0.84      0.81      0.82       538

               accuracy                           0.82      1250
              macro avg       0.81      0.82      0.82      1250
           weighted avg       0.82      0.82      0.82      1250

2025-10-10 13:51:45,791 - INFO - Model saved to ./results_enhanced/fold_2_model
2025-10-10 13:51:53,952 - INFO - 
======================================================================
2025-10-10 13:51:53,953 - INFO - Training Fold 3/5
2025-10-10 13:51:53,953 - INFO - ======================================================================
2025-10-10 13:51:53,979 - INFO - Fold 3 - Train: 5001, Val: 1250
2025-10-10 13:51:53,989 - INFO - Train label distribution:
label
cultural exclusive         2153
cultural agnostic          1498
cultural representative    1350
Name: count, dtype: int64
2025-10-10 13:52:10,755 - INFO - Starting training for fold 3...
2025-10-10 15:12:27,959 - INFO - Training completed. Final loss: 0.1178
2025-10-10 15:12:27,961 - INFO - Evaluating fold 3...
2025-10-10 15:12:55,998 - INFO - 
Fold 3 Results:
2025-10-10 15:12:56,000 - INFO - --------------------------------------------------
2025-10-10 15:12:56,001 - INFO -   epoch                         : 9.0000
2025-10-10 15:12:56,001 - INFO -   eval_accuracy                 : 0.8296
2025-10-10 15:12:56,002 - INFO -   eval_f1_cultural_agnostic     : 0.8909
2025-10-10 15:12:56,002 - INFO -   eval_f1_cultural_exclusive    : 0.8511
2025-10-10 15:12:56,002 - INFO -   eval_f1_cultural_representative: 0.7294
2025-10-10 15:12:56,003 - INFO -   eval_f1_macro                 : 0.8238
2025-10-10 15:12:56,003 - INFO -   eval_f1_weighted              : 0.8301
2025-10-10 15:12:56,003 - INFO -   eval_precision_cultural_agnostic: 0.8760
2025-10-10 15:12:56,004 - INFO -   eval_precision_cultural_exclusive: 0.8745
2025-10-10 15:12:56,004 - INFO -   eval_precision_cultural_representative: 0.7139
2025-10-10 15:12:56,004 - INFO -   eval_precision_macro          : 0.8215
2025-10-10 15:12:56,005 - INFO -   eval_recall_cultural_agnostic : 0.9064
2025-10-10 15:12:56,005 - INFO -   eval_recall_cultural_exclusive: 0.8290
2025-10-10 15:12:56,005 - INFO -   eval_recall_cultural_representative: 0.7456
2025-10-10 15:12:56,006 - INFO -   eval_recall_macro             : 0.8270
2025-10-10 15:12:56,006 - INFO -   eval_runtime                  : 28.0166
2025-10-10 15:12:56,006 - INFO -   eval_samples_per_second       : 44.6160
2025-10-10 15:12:56,007 - INFO -   eval_steps_per_second         : 5.6040
2025-10-10 15:13:24,204 - INFO - 
Confusion Matrix for Fold 3:
2025-10-10 15:13:24,207 - INFO - 
[[339  27   8]
 [ 30 252  56]
 [ 18  74 446]]
2025-10-10 15:13:24,208 - INFO - 
Classification Report for Fold 3:
2025-10-10 15:13:24,220 - INFO - 
                         precision    recall  f1-score   support

      cultural agnostic       0.88      0.91      0.89       374
cultural representative       0.71      0.75      0.73       338
     cultural exclusive       0.87      0.83      0.85       538

               accuracy                           0.83      1250
              macro avg       0.82      0.83      0.82      1250
           weighted avg       0.83      0.83      0.83      1250

2025-10-10 15:13:32,358 - INFO - Model saved to ./results_enhanced/fold_3_model
2025-10-10 15:13:38,830 - INFO - 
======================================================================
2025-10-10 15:13:38,830 - INFO - Training Fold 4/5
2025-10-10 15:13:38,831 - INFO - ======================================================================
2025-10-10 15:13:38,856 - INFO - Fold 4 - Train: 5001, Val: 1250
2025-10-10 15:13:38,865 - INFO - Train label distribution:
label
cultural exclusive         2153
cultural agnostic          1498
cultural representative    1350
Name: count, dtype: int64
2025-10-10 15:13:59,620 - INFO - Starting training for fold 4...
2025-10-10 16:13:58,923 - INFO - Training completed. Final loss: 0.1533
2025-10-10 16:13:58,925 - INFO - Evaluating fold 4...
2025-10-10 16:14:26,887 - INFO - 
Fold 4 Results:
2025-10-10 16:14:26,889 - INFO - --------------------------------------------------
2025-10-10 16:14:26,889 - INFO -   epoch                         : 7.0000
2025-10-10 16:14:26,889 - INFO -   eval_accuracy                 : 0.8464
2025-10-10 16:14:26,890 - INFO -   eval_f1_cultural_agnostic     : 0.8980
2025-10-10 16:14:26,890 - INFO -   eval_f1_cultural_exclusive    : 0.8620
2025-10-10 16:14:26,891 - INFO -   eval_f1_cultural_representative: 0.7666
2025-10-10 16:14:26,891 - INFO -   eval_f1_macro                 : 0.8422
2025-10-10 16:14:26,891 - INFO -   eval_f1_weighted              : 0.8470
2025-10-10 16:14:26,892 - INFO -   eval_precision_cultural_agnostic: 0.8898
2025-10-10 16:14:26,892 - INFO -   eval_precision_cultural_exclusive: 0.8830
2025-10-10 16:14:26,892 - INFO -   eval_precision_cultural_representative: 0.7472
2025-10-10 16:14:26,893 - INFO -   eval_precision_macro          : 0.8400
2025-10-10 16:14:26,893 - INFO -   eval_recall_cultural_agnostic : 0.9064
2025-10-10 16:14:26,893 - INFO -   eval_recall_cultural_exclusive: 0.8420
2025-10-10 16:14:26,894 - INFO -   eval_recall_cultural_representative: 0.7870
2025-10-10 16:14:26,894 - INFO -   eval_recall_macro             : 0.8451
2025-10-10 16:14:26,894 - INFO -   eval_runtime                  : 27.9427
2025-10-10 16:14:26,895 - INFO -   eval_samples_per_second       : 44.7340
2025-10-10 16:14:26,895 - INFO -   eval_steps_per_second         : 5.6190
2025-10-10 16:14:54,659 - INFO - 
Confusion Matrix for Fold 4:
2025-10-10 16:14:54,662 - INFO - 
[[339  20  15]
 [ 27 266  45]
 [ 15  70 453]]
2025-10-10 16:14:54,663 - INFO - 
Classification Report for Fold 4:
2025-10-10 16:14:54,675 - INFO - 
                         precision    recall  f1-score   support

      cultural agnostic       0.89      0.91      0.90       374
cultural representative       0.75      0.79      0.77       338
     cultural exclusive       0.88      0.84      0.86       538

               accuracy                           0.85      1250
              macro avg       0.84      0.85      0.84      1250
           weighted avg       0.85      0.85      0.85      1250

2025-10-10 16:15:03,396 - INFO - Model saved to ./results_enhanced/fold_4_model
2025-10-10 16:15:10,668 - INFO - 
======================================================================
2025-10-10 16:15:10,669 - INFO - Training Fold 5/5
2025-10-10 16:15:10,669 - INFO - ======================================================================
2025-10-10 16:15:10,696 - INFO - Fold 5 - Train: 5001, Val: 1250
2025-10-10 16:15:10,706 - INFO - Train label distribution:
label
cultural exclusive         2153
cultural agnostic          1497
cultural representative    1351
Name: count, dtype: int64
2025-10-10 16:15:27,795 - INFO - Starting training for fold 5...
2025-10-10 17:16:14,260 - INFO - Training completed. Final loss: 0.1554
2025-10-10 17:16:14,262 - INFO - Evaluating fold 5...
2025-10-10 17:16:42,131 - INFO - 
Fold 5 Results:
2025-10-10 17:16:42,133 - INFO - --------------------------------------------------
2025-10-10 17:16:42,133 - INFO -   epoch                         : 7.0000
2025-10-10 17:16:42,134 - INFO -   eval_accuracy                 : 0.8352
2025-10-10 17:16:42,134 - INFO -   eval_f1_cultural_agnostic     : 0.8916
2025-10-10 17:16:42,134 - INFO -   eval_f1_cultural_exclusive    : 0.8543
2025-10-10 17:16:42,135 - INFO -   eval_f1_cultural_representative: 0.7402
2025-10-10 17:16:42,135 - INFO -   eval_f1_macro                 : 0.8287
2025-10-10 17:16:42,135 - INFO -   eval_f1_weighted              : 0.8347
2025-10-10 17:16:42,136 - INFO -   eval_precision_cultural_agnostic: 0.8952
2025-10-10 17:16:42,136 - INFO -   eval_precision_cultural_exclusive: 0.8427
2025-10-10 17:16:42,136 - INFO -   eval_precision_cultural_representative: 0.7538
2025-10-10 17:16:42,137 - INFO -   eval_precision_macro          : 0.8306
2025-10-10 17:16:42,137 - INFO -   eval_recall_cultural_agnostic : 0.8880
2025-10-10 17:16:42,137 - INFO -   eval_recall_cultural_exclusive: 0.8662
2025-10-10 17:16:42,138 - INFO -   eval_recall_cultural_representative: 0.7270
2025-10-10 17:16:42,138 - INFO -   eval_recall_macro             : 0.8271
2025-10-10 17:16:42,138 - INFO -   eval_runtime                  : 27.8471
2025-10-10 17:16:42,139 - INFO -   eval_samples_per_second       : 44.8880
2025-10-10 17:16:42,139 - INFO -   eval_steps_per_second         : 5.6380
2025-10-10 17:17:10,543 - INFO - 
Confusion Matrix for Fold 5:
2025-10-10 17:17:10,546 - INFO - 
[[333  19  23]
 [ 28 245  64]
 [ 11  61 466]]
2025-10-10 17:17:10,546 - INFO - 
Classification Report for Fold 5:
2025-10-10 17:17:10,559 - INFO - 
                         precision    recall  f1-score   support

      cultural agnostic       0.90      0.89      0.89       375
cultural representative       0.75      0.73      0.74       337
     cultural exclusive       0.84      0.87      0.85       538

               accuracy                           0.84      1250
              macro avg       0.83      0.83      0.83      1250
           weighted avg       0.83      0.84      0.83      1250

2025-10-10 17:17:19,149 - INFO - Model saved to ./results_enhanced/fold_5_model
2025-10-10 17:17:25,967 - INFO - 
======================================================================
2025-10-10 17:17:25,970 - INFO - K-Fold Cross-Validation Summary
2025-10-10 17:17:25,970 - INFO - ======================================================================
2025-10-10 17:17:25,973 - INFO - eval_accuracy                 : 0.8351 ± 0.0097
2025-10-10 17:17:25,974 - INFO - eval_f1_macro                 : 0.8299 ± 0.0096
2025-10-10 17:17:25,974 - INFO - eval_f1_weighted              : 0.8353 ± 0.0098
2025-10-10 17:17:25,975 - INFO - eval_precision_macro          : 0.8291 ± 0.0103
2025-10-10 17:17:25,975 - INFO - eval_recall_macro             : 0.8312 ± 0.0093
2025-10-10 17:17:25,976 - INFO - eval_f1_cultural_agnostic     : 0.8990 ± 0.0085
2025-10-10 17:17:25,976 - INFO - eval_precision_cultural_agnostic: 0.8949 ± 0.0121
2025-10-10 17:17:25,977 - INFO - eval_recall_cultural_agnostic : 0.9033 ± 0.0148
2025-10-10 17:17:25,977 - INFO - eval_f1_cultural_representative: 0.7401 ± 0.0200
2025-10-10 17:17:25,978 - INFO - eval_precision_cultural_representative: 0.7326 ± 0.0228
2025-10-10 17:17:25,979 - INFO - eval_recall_cultural_representative: 0.7482 ± 0.0236
2025-10-10 17:17:25,979 - INFO - eval_f1_cultural_exclusive    : 0.8507 ± 0.0138
2025-10-10 17:17:25,980 - INFO - eval_precision_cultural_exclusive: 0.8600 ± 0.0164
2025-10-10 17:17:25,980 - INFO - eval_recall_cultural_exclusive: 0.8421 ± 0.0228
2025-10-10 17:17:25,981 - INFO - eval_runtime                  : 27.8109 ± 0.2343
2025-10-10 17:17:25,981 - INFO - eval_samples_per_second       : 44.9568 ± 0.3970
2025-10-10 17:17:25,982 - INFO - eval_steps_per_second         : 5.6458 ± 0.0479
2025-10-10 17:17:25,982 - INFO - epoch                         : 8.4000 ± 1.2000
2025-10-10 17:17:25,987 - INFO - 
🏆 Best Fold: 4 with F1 Macro: 0.8422
2025-10-10 17:17:25,988 - INFO - 
💾 Saving best model to ./best_model_enhanced
2025-10-10 17:17:33,729 - INFO - 
======================================================================
2025-10-10 17:17:33,730 - INFO - Generating predictions for test set...
2025-10-10 17:17:33,730 - INFO - ======================================================================
2025-10-10 17:17:44,041 - INFO - ✅ Predictions saved to: ./results_enhanced/test_predictions_20251010_171744.csv
2025-10-10 17:17:44,043 - INFO - 
📊 Prediction Statistics:
2025-10-10 17:17:44,043 - INFO - --------------------------------------------------
2025-10-10 17:17:44,043 - INFO - 
Prediction distribution:
2025-10-10 17:17:44,047 - INFO - predicted_label
cultural agnostic          120
cultural representative    108
cultural exclusive          72
Name: count, dtype: int64
2025-10-10 17:17:44,049 - INFO - 
Confidence statistics:
2025-10-10 17:17:44,050 - INFO -   Mean: 0.7964
2025-10-10 17:17:44,052 - INFO -   Std:  0.1275
2025-10-10 17:17:44,052 - INFO -   Min:  0.3533
2025-10-10 17:17:44,052 - INFO -   Max:  0.9475
2025-10-10 17:17:44,055 - INFO - 
======================================================================
2025-10-10 17:17:44,055 - INFO - ✅ Training Complete!
2025-10-10 17:17:44,056 - INFO - ======================================================================
2025-10-10 17:17:44,056 - INFO - 📁 Best model saved to: ./best_model_enhanced
2025-10-10 17:17:44,056 - INFO - 📊 Test predictions saved to: ./results_enhanced/test_predictions_*.csv
2025-10-10 17:17:44,056 - INFO - 📈 K-Fold summary saved to: ./results_enhanced/kfold_summary.json
2025-10-10 17:17:44,056 - INFO - ======================================================================
